[2m2023-05-11 14:39:30.776[0;39m [32m INFO[0;39m [35m8800[0;39m [2m---[0;39m [2m[  restartedMain][0;39m [36m.e.DevToolsPropertyDefaultsPostProcessor[0;39m [2m:[0;39m Devtools property defaults active! Set 'spring.devtools.add-properties' to 'false' to disable
[2m2023-05-11 14:39:30.779[0;39m [32m INFO[0;39m [35m8800[0;39m [2m---[0;39m [2m[  restartedMain][0;39m [36m.e.DevToolsPropertyDefaultsPostProcessor[0;39m [2m:[0;39m For additional web related logging consider setting the 'logging.level.web' property to 'DEBUG'
[2m2023-05-11 14:39:32.347[0;39m [32m INFO[0;39m [35m8800[0;39m [2m---[0;39m [2m[  restartedMain][0;39m [36mo.s.b.w.embedded.tomcat.TomcatWebServer [0;39m [2m:[0;39m Tomcat initialized with port(s): 9999 (http)
[2m2023-05-11 14:39:32.424[0;39m [32m INFO[0;39m [35m8800[0;39m [2m---[0;39m [2m[  restartedMain][0;39m [36mw.s.c.ServletWebServerApplicationContext[0;39m [2m:[0;39m Root WebApplicationContext: initialization completed in 1644 ms
[2m2023-05-11 14:39:33.267[0;39m [32m INFO[0;39m [35m8800[0;39m [2m---[0;39m [2m[  restartedMain][0;39m [36mo.s.b.d.a.OptionalLiveReloadServer      [0;39m [2m:[0;39m LiveReload server is running on port 35729
[2m2023-05-11 14:39:33.466[0;39m [32m INFO[0;39m [35m8800[0;39m [2m---[0;39m [2m[  restartedMain][0;39m [36mo.s.b.w.embedded.tomcat.TomcatWebServer [0;39m [2m:[0;39m Tomcat started on port(s): 9999 (http) with context path '/vue'
[2m2023-05-11 14:39:39.668[0;39m [32m INFO[0;39m [35m8800[0;39m [2m---[0;39m [2m[nio-9999-exec-2][0;39m [36mo.s.web.servlet.DispatcherServlet       [0;39m [2m:[0;39m Initializing Servlet 'dispatcherServlet'
[2m2023-05-11 14:39:39.670[0;39m [32m INFO[0;39m [35m8800[0;39m [2m---[0;39m [2m[nio-9999-exec-2][0;39m [36mo.s.web.servlet.DispatcherServlet       [0;39m [2m:[0;39m Completed initialization in 1 ms
[2m2023-05-11 14:39:39.704[0;39m [32m INFO[0;39m [35m8800[0;39m [2m---[0;39m [2m[nio-9999-exec-2][0;39m [36mc.ssafy.vue.controller.BoardController  [0;39m [2m:[0;39m listArticle - 호출
[2m2023-05-11 14:39:56.405[0;39m [32mDEBUG[0;39m [35m8800[0;39m [2m---[0;39m [2m[nio-9999-exec-4][0;39m [36mc.ssafy.vue.controller.MemberController [0;39m [2m:[0;39m 로그인 토큰정보 : eyJ0eXAiOiJKV1QiLCJyZWdEYXRlIjoxNjgzNzgzNTk2Mzg5LCJhbGciOiJIUzI1NiJ9.eyJleHAiOjE2ODM3ODcxOTYsInN1YiI6ImFjY2Vzcy10b2tlbiIsInVzZXJpZCI6InNzYWZ5In0.oj-ihmxCY7fOi1ZqWfeFnjJ-arAiLXNMTxUwITX-MsQ
[2m2023-05-11 14:39:56.442[0;39m [32m INFO[0;39m [35m8800[0;39m [2m---[0;39m [2m[nio-9999-exec-6][0;39m [36mc.ssafy.vue.controller.MemberController [0;39m [2m:[0;39m 사용 가능한 토큰!!!
[2m2023-05-11 14:40:02.709[0;39m [32m INFO[0;39m [35m8800[0;39m [2m---[0;39m [2m[nio-9999-exec-7][0;39m [36mc.s.vue.controller.HouseMapController   [0;39m [2m:[0;39m sido - 호출
[2m2023-05-11 14:40:06.003[0;39m [32m INFO[0;39m [35m8800[0;39m [2m---[0;39m [2m[nio-9999-exec-8][0;39m [36mc.s.vue.controller.HouseMapController   [0;39m [2m:[0;39m gugun - 호출
[2m2023-05-11 14:41:13.106[0;39m [32m INFO[0;39m [35m8800[0;39m [2m---[0;39m [2m[io-9999-exec-10][0;39m [36mc.s.vue.controller.HouseMapController   [0;39m [2m:[0;39m sido - 호출
[2m2023-05-11 14:47:50.686[0;39m [32m INFO[0;39m [35m8800[0;39m [2m---[0;39m [2m[nio-9999-exec-1][0;39m [36mc.s.vue.controller.HouseMapController   [0;39m [2m:[0;39m gugun - 호출
[2m2023-05-11 14:48:34.609[0;39m [32m INFO[0;39m [35m8800[0;39m [2m---[0;39m [2m[nio-9999-exec-3][0;39m [36mc.s.vue.controller.HouseMapController   [0;39m [2m:[0;39m sido - 호출
[2m2023-05-11 14:48:36.556[0;39m [32m INFO[0;39m [35m8800[0;39m [2m---[0;39m [2m[nio-9999-exec-4][0;39m [36mc.s.vue.controller.HouseMapController   [0;39m [2m:[0;39m sido - 호출
[2m2023-05-11 14:48:37.184[0;39m [32m INFO[0;39m [35m8800[0;39m [2m---[0;39m [2m[nio-9999-exec-5][0;39m [36mc.s.vue.controller.HouseMapController   [0;39m [2m:[0;39m gugun - 호출
[2m2023-05-11 14:48:53.410[0;39m [32m INFO[0;39m [35m8800[0;39m [2m---[0;39m [2m[nio-9999-exec-6][0;39m [36mc.ssafy.vue.controller.BoardController  [0;39m [2m:[0;39m listArticle - 호출
[2m2023-05-11 15:29:30.436[0;39m [33m WARN[0;39m [35m8800[0;39m [2m---[0;39m [2m[l-1 housekeeper][0;39m [36mcom.zaxxer.hikari.pool.HikariPool       [0;39m [2m:[0;39m HikariPool-1 - Thread starvation or clock leap detected (housekeeper delta=9m49s994ms).
[2m2023-05-11 16:15:04.357[0;39m [33m WARN[0;39m [35m8800[0;39m [2m---[0;39m [2m[l-1 housekeeper][0;39m [36mcom.zaxxer.hikari.pool.HikariPool       [0;39m [2m:[0;39m HikariPool-1 - Thread starvation or clock leap detected (housekeeper delta=12m33s655ms).
[2m2023-05-11 16:55:55.494[0;39m [33m WARN[0;39m [35m8800[0;39m [2m---[0;39m [2m[l-1 housekeeper][0;39m [36mcom.zaxxer.hikari.pool.HikariPool       [0;39m [2m:[0;39m HikariPool-1 - Thread starvation or clock leap detected (housekeeper delta=3m20s851ms).
[2m2023-05-11 17:13:28.834[0;39m [33m WARN[0;39m [35m8800[0;39m [2m---[0;39m [2m[l-1 housekeeper][0;39m [36mcom.zaxxer.hikari.pool.HikariPool       [0;39m [2m:[0;39m HikariPool-1 - Thread starvation or clock leap detected (housekeeper delta=2m3s254ms).
[2m2023-05-11 17:51:12.593[0;39m [32m INFO[0;39m [35m8800[0;39m [2m---[0;39m [2m[(171)-127.0.0.1][0;39m [36minMXBeanRegistrar$SpringApplicationAdmin[0;39m [2m:[0;39m Application shutdown requested.
[2m2023-05-11 17:51:12.601[0;39m [33m WARN[0;39m [35m8800[0;39m [2m---[0;39m [2m[(171)-127.0.0.1][0;39m [36mo.a.c.loader.WebappClassLoaderBase      [0;39m [2m:[0;39m The web application [vue] appears to have started a thread named [HikariPool-1 housekeeper] but has failed to stop it. This is very likely to create a memory leak. Stack trace of thread:
 sun.misc.Unsafe.park(Native Method)
 java.util.concurrent.locks.LockSupport.parkNanos(LockSupport.java:215)
 java.util.concurrent.locks.AbstractQueuedSynchronizer$ConditionObject.awaitNanos(AbstractQueuedSynchronizer.java:2078)
 java.util.concurrent.ScheduledThreadPoolExecutor$DelayedWorkQueue.take(ScheduledThreadPoolExecutor.java:1093)
 java.util.concurrent.ScheduledThreadPoolExecutor$DelayedWorkQueue.take(ScheduledThreadPoolExecutor.java:809)
 java.util.concurrent.ThreadPoolExecutor.getTask(ThreadPoolExecutor.java:1074)
 java.util.concurrent.ThreadPoolExecutor.runWorker(ThreadPoolExecutor.java:1134)
 java.util.concurrent.ThreadPoolExecutor$Worker.run(ThreadPoolExecutor.java:624)
 java.lang.Thread.run(Thread.java:750)
[2m2023-05-11 21:22:42.845[0;39m [32m INFO[0;39m [35m3054[0;39m [2m---[0;39m [2m[  restartedMain][0;39m [36m.e.DevToolsPropertyDefaultsPostProcessor[0;39m [2m:[0;39m Devtools property defaults active! Set 'spring.devtools.add-properties' to 'false' to disable
[2m2023-05-11 21:22:42.847[0;39m [32m INFO[0;39m [35m3054[0;39m [2m---[0;39m [2m[  restartedMain][0;39m [36m.e.DevToolsPropertyDefaultsPostProcessor[0;39m [2m:[0;39m For additional web related logging consider setting the 'logging.level.web' property to 'DEBUG'
[2m2023-05-11 21:22:44.357[0;39m [32m INFO[0;39m [35m3054[0;39m [2m---[0;39m [2m[  restartedMain][0;39m [36mo.s.b.w.embedded.tomcat.TomcatWebServer [0;39m [2m:[0;39m Tomcat initialized with port(s): 9999 (http)
[2m2023-05-11 21:22:44.416[0;39m [32m INFO[0;39m [35m3054[0;39m [2m---[0;39m [2m[  restartedMain][0;39m [36mw.s.c.ServletWebServerApplicationContext[0;39m [2m:[0;39m Root WebApplicationContext: initialization completed in 1569 ms
[2m2023-05-11 21:22:45.060[0;39m [32m INFO[0;39m [35m3054[0;39m [2m---[0;39m [2m[  restartedMain][0;39m [36mo.s.b.d.a.OptionalLiveReloadServer      [0;39m [2m:[0;39m LiveReload server is running on port 35729
[2m2023-05-11 21:22:45.206[0;39m [32m INFO[0;39m [35m3054[0;39m [2m---[0;39m [2m[  restartedMain][0;39m [36mo.s.b.w.embedded.tomcat.TomcatWebServer [0;39m [2m:[0;39m Tomcat started on port(s): 9999 (http) with context path '/vue'
[2m2023-05-11 21:22:49.799[0;39m [32m INFO[0;39m [35m3054[0;39m [2m---[0;39m [2m[nio-9999-exec-1][0;39m [36mo.s.web.servlet.DispatcherServlet       [0;39m [2m:[0;39m Initializing Servlet 'dispatcherServlet'
[2m2023-05-11 21:22:49.801[0;39m [32m INFO[0;39m [35m3054[0;39m [2m---[0;39m [2m[nio-9999-exec-1][0;39m [36mo.s.web.servlet.DispatcherServlet       [0;39m [2m:[0;39m Completed initialization in 1 ms
[2m2023-05-11 21:22:49.834[0;39m [32m INFO[0;39m [35m3054[0;39m [2m---[0;39m [2m[nio-9999-exec-1][0;39m [36mc.ssafy.vue.controller.BoardController  [0;39m [2m:[0;39m listArticle - 호출
[2m2023-05-11 21:23:15.980[0;39m [32m INFO[0;39m [35m3054[0;39m [2m---[0;39m [2m[nio-9999-exec-2][0;39m [36mc.ssafy.vue.controller.BoardController  [0;39m [2m:[0;39m listArticle - 호출
[2m2023-05-11 21:23:50.156[0;39m [32m INFO[0;39m [35m3054[0;39m [2m---[0;39m [2m[nio-9999-exec-3][0;39m [36mc.ssafy.vue.controller.BoardController  [0;39m [2m:[0;39m listArticle - 호출
[2m2023-05-11 21:24:15.129[0;39m [32m INFO[0;39m [35m3054[0;39m [2m---[0;39m [2m[nio-9999-exec-4][0;39m [36mc.ssafy.vue.controller.BoardController  [0;39m [2m:[0;39m listArticle - 호출
[2m2023-05-11 21:24:53.431[0;39m [32m INFO[0;39m [35m3054[0;39m [2m---[0;39m [2m[nio-9999-exec-5][0;39m [36mc.ssafy.vue.controller.BoardController  [0;39m [2m:[0;39m listArticle - 호출
[2m2023-05-11 21:26:12.435[0;39m [32m INFO[0;39m [35m3054[0;39m [2m---[0;39m [2m[nio-9999-exec-7][0;39m [36mc.ssafy.vue.controller.BoardController  [0;39m [2m:[0;39m listArticle - 호출
[2m2023-05-11 21:31:57.357[0;39m [32m INFO[0;39m [35m3054[0;39m [2m---[0;39m [2m[nio-9999-exec-4][0;39m [36mc.ssafy.vue.controller.BoardController  [0;39m [2m:[0;39m getArticle - 호출 : 4
[2m2023-05-11 21:32:17.596[0;39m [32m INFO[0;39m [35m3054[0;39m [2m---[0;39m [2m[nio-9999-exec-3][0;39m [36mc.ssafy.vue.controller.BoardController  [0;39m [2m:[0;39m getArticle - 호출 : 4
[2m2023-05-11 21:32:25.183[0;39m [32m INFO[0;39m [35m3054[0;39m [2m---[0;39m [2m[nio-9999-exec-5][0;39m [36mc.ssafy.vue.controller.BoardController  [0;39m [2m:[0;39m getArticle - 호출 : 4
[2m2023-05-11 21:32:33.699[0;39m [32m INFO[0;39m [35m3054[0;39m [2m---[0;39m [2m[nio-9999-exec-2][0;39m [36mc.ssafy.vue.controller.BoardController  [0;39m [2m:[0;39m listArticle - 호출
[2m2023-05-11 21:32:35.441[0;39m [32m INFO[0;39m [35m3054[0;39m [2m---[0;39m [2m[nio-9999-exec-7][0;39m [36mc.ssafy.vue.controller.BoardController  [0;39m [2m:[0;39m getArticle - 호출 : 1
[2m2023-05-11 21:32:37.154[0;39m [32m INFO[0;39m [35m3054[0;39m [2m---[0;39m [2m[nio-9999-exec-8][0;39m [36mc.ssafy.vue.controller.BoardController  [0;39m [2m:[0;39m listArticle - 호출
[2m2023-05-11 21:32:38.277[0;39m [32m INFO[0;39m [35m3054[0;39m [2m---[0;39m [2m[nio-9999-exec-9][0;39m [36mc.ssafy.vue.controller.BoardController  [0;39m [2m:[0;39m getArticle - 호출 : 2
[2m2023-05-11 21:36:45.174[0;39m [32m INFO[0;39m [35m3054[0;39m [2m---[0;39m [2m[nio-9999-exec-6][0;39m [36mc.ssafy.vue.controller.BoardController  [0;39m [2m:[0;39m getArticle - 호출 : 2
[2m2023-05-11 21:36:59.151[0;39m [32m INFO[0;39m [35m3054[0;39m [2m---[0;39m [2m[nio-9999-exec-4][0;39m [36mc.ssafy.vue.controller.BoardController  [0;39m [2m:[0;39m getArticle - 호출 : 2
[2m2023-05-11 21:37:04.917[0;39m [32m INFO[0;39m [35m3054[0;39m [2m---[0;39m [2m[nio-9999-exec-1][0;39m [36mc.ssafy.vue.controller.BoardController  [0;39m [2m:[0;39m getArticle - 호출 : 2
[2m2023-05-11 21:37:30.930[0;39m [32m INFO[0;39m [35m3054[0;39m [2m---[0;39m [2m[nio-9999-exec-3][0;39m [36mc.ssafy.vue.controller.BoardController  [0;39m [2m:[0;39m getArticle - 호출 : 2
[2m2023-05-11 21:37:40.786[0;39m [32m INFO[0;39m [35m3054[0;39m [2m---[0;39m [2m[nio-9999-exec-5][0;39m [36mc.ssafy.vue.controller.BoardController  [0;39m [2m:[0;39m getArticle - 호출 : 2
[2m2023-05-11 21:40:03.793[0;39m [33m WARN[0;39m [35m3054[0;39m [2m---[0;39m [2m[nio-9999-exec-7][0;39m [36m.w.s.m.s.DefaultHandlerExceptionResolver[0;39m [2m:[0;39m Resolved [org.springframework.web.method.annotation.MethodArgumentTypeMismatchException: Failed to convert value of type 'java.lang.String' to required type 'int'; nested exception is java.lang.NumberFormatException: For input string: "undefined"]
[2m2023-05-11 21:40:09.465[0;39m [33m WARN[0;39m [35m3054[0;39m [2m---[0;39m [2m[nio-9999-exec-8][0;39m [36m.w.s.m.s.DefaultHandlerExceptionResolver[0;39m [2m:[0;39m Resolved [org.springframework.web.method.annotation.MethodArgumentTypeMismatchException: Failed to convert value of type 'java.lang.String' to required type 'int'; nested exception is java.lang.NumberFormatException: For input string: "undefined"]
[2m2023-05-11 21:40:15.138[0;39m [32m INFO[0;39m [35m3054[0;39m [2m---[0;39m [2m[nio-9999-exec-9][0;39m [36mc.ssafy.vue.controller.BoardController  [0;39m [2m:[0;39m getArticle - 호출 : 2
[2m2023-05-11 21:40:15.727[0;39m [32m INFO[0;39m [35m3054[0;39m [2m---[0;39m [2m[io-9999-exec-10][0;39m [36mc.ssafy.vue.controller.BoardController  [0;39m [2m:[0;39m listArticle - 호출
[2m2023-05-11 21:40:15.983[0;39m [32m INFO[0;39m [35m3054[0;39m [2m---[0;39m [2m[nio-9999-exec-6][0;39m [36mc.ssafy.vue.controller.BoardController  [0;39m [2m:[0;39m getArticle - 호출 : 1
[2m2023-05-11 21:40:17.146[0;39m [32m INFO[0;39m [35m3054[0;39m [2m---[0;39m [2m[nio-9999-exec-4][0;39m [36mc.ssafy.vue.controller.BoardController  [0;39m [2m:[0;39m listArticle - 호출
[2m2023-05-11 21:40:22.517[0;39m [32m INFO[0;39m [35m3054[0;39m [2m---[0;39m [2m[nio-9999-exec-1][0;39m [36mc.ssafy.vue.controller.BoardController  [0;39m [2m:[0;39m getArticle - 호출 : 4
[2m2023-05-11 21:40:23.699[0;39m [32m INFO[0;39m [35m3054[0;39m [2m---[0;39m [2m[nio-9999-exec-3][0;39m [36mc.ssafy.vue.controller.BoardController  [0;39m [2m:[0;39m listArticle - 호출
[2m2023-05-11 21:40:28.244[0;39m [32m INFO[0;39m [35m3054[0;39m [2m---[0;39m [2m[nio-9999-exec-5][0;39m [36mc.ssafy.vue.controller.BoardController  [0;39m [2m:[0;39m listArticle - 호출
[2m2023-05-11 21:40:30.703[0;39m [32m INFO[0;39m [35m3054[0;39m [2m---[0;39m [2m[nio-9999-exec-2][0;39m [36mc.ssafy.vue.controller.BoardController  [0;39m [2m:[0;39m getArticle - 호출 : 1
[2m2023-05-11 21:40:32.741[0;39m [32m INFO[0;39m [35m3054[0;39m [2m---[0;39m [2m[nio-9999-exec-7][0;39m [36mc.ssafy.vue.controller.BoardController  [0;39m [2m:[0;39m getArticle - 호출 : 1
[2m2023-05-11 21:40:40.562[0;39m [32m INFO[0;39m [35m3054[0;39m [2m---[0;39m [2m[nio-9999-exec-9][0;39m [36mc.ssafy.vue.controller.BoardController  [0;39m [2m:[0;39m modifyArticle - 호출 BoardDto [articleno=1, userid=ssafy, subject=Vue Axios 연동!!!, content=Vue를 이용한 HTTP 통신!!!, hit=4, regtime=2023-05-10 17:45:05]
[2m2023-05-11 21:42:03.433[0;39m [32m INFO[0;39m [35m3054[0;39m [2m---[0;39m [2m[nio-9999-exec-6][0;39m [36mc.ssafy.vue.controller.BoardController  [0;39m [2m:[0;39m getArticle - 호출 : 1
[2m2023-05-11 21:42:18.361[0;39m [32m INFO[0;39m [35m3054[0;39m [2m---[0;39m [2m[nio-9999-exec-4][0;39m [36mc.ssafy.vue.controller.BoardController  [0;39m [2m:[0;39m modifyArticle - 호출 BoardDto [articleno=1, userid=ssafy, subject=Vue Axios 연동!!!, content=Vue를 이용한 HTTP 통신!!!, hit=5, regtime=2023-05-10 17:45:05]
[2m2023-05-11 21:42:20.601[0;39m [32m INFO[0;39m [35m3054[0;39m [2m---[0;39m [2m[nio-9999-exec-1][0;39m [36mc.ssafy.vue.controller.BoardController  [0;39m [2m:[0;39m listArticle - 호출
[2m2023-05-11 21:44:56.587[0;39m [32m INFO[0;39m [35m3054[0;39m [2m---[0;39m [2m[nio-9999-exec-5][0;39m [36mc.ssafy.vue.controller.BoardController  [0;39m [2m:[0;39m writeArticle - 호출
[2m2023-05-11 21:45:01.023[0;39m [32m INFO[0;39m [35m3054[0;39m [2m---[0;39m [2m[nio-9999-exec-2][0;39m [36mc.ssafy.vue.controller.BoardController  [0;39m [2m:[0;39m listArticle - 호출
[2m2023-05-11 21:45:04.698[0;39m [32m INFO[0;39m [35m3054[0;39m [2m---[0;39m [2m[nio-9999-exec-7][0;39m [36mc.ssafy.vue.controller.BoardController  [0;39m [2m:[0;39m getArticle - 호출 : 5
[2m2023-05-11 21:45:06.841[0;39m [32m INFO[0;39m [35m3054[0;39m [2m---[0;39m [2m[nio-9999-exec-8][0;39m [36mc.ssafy.vue.controller.BoardController  [0;39m [2m:[0;39m listArticle - 호출
[2m2023-05-11 21:45:08.243[0;39m [32m INFO[0;39m [35m3054[0;39m [2m---[0;39m [2m[nio-9999-exec-9][0;39m [36mc.ssafy.vue.controller.BoardController  [0;39m [2m:[0;39m getArticle - 호출 : 4
[2m2023-05-11 21:45:09.486[0;39m [32m INFO[0;39m [35m3054[0;39m [2m---[0;39m [2m[io-9999-exec-10][0;39m [36mc.ssafy.vue.controller.BoardController  [0;39m [2m:[0;39m listArticle - 호출
[2m2023-05-11 21:45:10.660[0;39m [32m INFO[0;39m [35m3054[0;39m [2m---[0;39m [2m[nio-9999-exec-6][0;39m [36mc.ssafy.vue.controller.BoardController  [0;39m [2m:[0;39m getArticle - 호출 : 5
[2m2023-05-11 21:45:12.090[0;39m [32m INFO[0;39m [35m3054[0;39m [2m---[0;39m [2m[nio-9999-exec-4][0;39m [36mc.ssafy.vue.controller.BoardController  [0;39m [2m:[0;39m getArticle - 호출 : 5
[2m2023-05-11 21:45:19.711[0;39m [32m INFO[0;39m [35m3054[0;39m [2m---[0;39m [2m[nio-9999-exec-1][0;39m [36mc.ssafy.vue.controller.BoardController  [0;39m [2m:[0;39m modifyArticle - 호출 BoardDto [articleno=5, userid=ssafy, subject=안녕하세요 뷰게시판입니다., content=마자요!!!!!, hit=3, regtime=2023-05-11 21:44:56]
[2m2023-05-11 21:45:21.636[0;39m [32m INFO[0;39m [35m3054[0;39m [2m---[0;39m [2m[nio-9999-exec-3][0;39m [36mc.ssafy.vue.controller.BoardController  [0;39m [2m:[0;39m listArticle - 호출
[2m2023-05-11 21:45:25.219[0;39m [32m INFO[0;39m [35m3054[0;39m [2m---[0;39m [2m[nio-9999-exec-5][0;39m [36mc.ssafy.vue.controller.BoardController  [0;39m [2m:[0;39m getArticle - 호출 : 5
[2m2023-05-11 21:45:28.585[0;39m [32m INFO[0;39m [35m3054[0;39m [2m---[0;39m [2m[nio-9999-exec-2][0;39m [36mc.ssafy.vue.controller.BoardController  [0;39m [2m:[0;39m listArticle - 호출
[2m2023-05-11 21:47:14.307[0;39m [32m INFO[0;39m [35m3054[0;39m [2m---[0;39m [2m[nio-9999-exec-8][0;39m [36mc.ssafy.vue.controller.BoardController  [0;39m [2m:[0;39m writeArticle - 호출
[2m2023-05-11 21:47:14.940[0;39m [32m INFO[0;39m [35m3054[0;39m [2m---[0;39m [2m[nio-9999-exec-9][0;39m [36mc.ssafy.vue.controller.BoardController  [0;39m [2m:[0;39m listArticle - 호출
[2m2023-05-11 21:47:16.745[0;39m [32m INFO[0;39m [35m3054[0;39m [2m---[0;39m [2m[io-9999-exec-10][0;39m [36mc.ssafy.vue.controller.BoardController  [0;39m [2m:[0;39m getArticle - 호출 : 6
[2m2023-05-11 21:47:18.130[0;39m [32m INFO[0;39m [35m3054[0;39m [2m---[0;39m [2m[nio-9999-exec-6][0;39m [36mc.ssafy.vue.controller.BoardController  [0;39m [2m:[0;39m getArticle - 호출 : 6
[2m2023-05-11 21:47:21.024[0;39m [32m INFO[0;39m [35m3054[0;39m [2m---[0;39m [2m[nio-9999-exec-4][0;39m [36mc.ssafy.vue.controller.BoardController  [0;39m [2m:[0;39m modifyArticle - 호출 BoardDto [articleno=6, userid=ssafy, subject=1133, content=2233, hit=2, regtime=2023-05-11 21:47:14]
[2m2023-05-11 21:47:22.683[0;39m [32m INFO[0;39m [35m3054[0;39m [2m---[0;39m [2m[nio-9999-exec-1][0;39m [36mc.ssafy.vue.controller.BoardController  [0;39m [2m:[0;39m listArticle - 호출
[2m2023-05-11 21:47:24.145[0;39m [32m INFO[0;39m [35m3054[0;39m [2m---[0;39m [2m[nio-9999-exec-3][0;39m [36mc.ssafy.vue.controller.BoardController  [0;39m [2m:[0;39m getArticle - 호출 : 6
[2m2023-05-11 21:47:26.268[0;39m [32m INFO[0;39m [35m3054[0;39m [2m---[0;39m [2m[nio-9999-exec-2][0;39m [36mc.ssafy.vue.controller.BoardController  [0;39m [2m:[0;39m deleteArticle - 호출
[2m2023-05-11 21:47:28.951[0;39m [32m INFO[0;39m [35m3054[0;39m [2m---[0;39m [2m[nio-9999-exec-7][0;39m [36mc.ssafy.vue.controller.BoardController  [0;39m [2m:[0;39m listArticle - 호출
[2m2023-05-11 22:42:58.791[0;39m [32m INFO[0;39m [35m3054[0;39m [2m---[0;39m [2m[n(88)-127.0.0.1][0;39m [36minMXBeanRegistrar$SpringApplicationAdmin[0;39m [2m:[0;39m Application shutdown requested.
[2m2023-05-11 22:42:58.799[0;39m [33m WARN[0;39m [35m3054[0;39m [2m---[0;39m [2m[n(88)-127.0.0.1][0;39m [36mo.a.c.loader.WebappClassLoaderBase      [0;39m [2m:[0;39m The web application [vue] appears to have started a thread named [HikariPool-1 housekeeper] but has failed to stop it. This is very likely to create a memory leak. Stack trace of thread:
 sun.misc.Unsafe.park(Native Method)
 java.util.concurrent.locks.LockSupport.parkNanos(LockSupport.java:215)
 java.util.concurrent.locks.AbstractQueuedSynchronizer$ConditionObject.awaitNanos(AbstractQueuedSynchronizer.java:2078)
 java.util.concurrent.ScheduledThreadPoolExecutor$DelayedWorkQueue.take(ScheduledThreadPoolExecutor.java:1093)
 java.util.concurrent.ScheduledThreadPoolExecutor$DelayedWorkQueue.take(ScheduledThreadPoolExecutor.java:809)
 java.util.concurrent.ThreadPoolExecutor.getTask(ThreadPoolExecutor.java:1074)
 java.util.concurrent.ThreadPoolExecutor.runWorker(ThreadPoolExecutor.java:1134)
 java.util.concurrent.ThreadPoolExecutor$Worker.run(ThreadPoolExecutor.java:624)
 java.lang.Thread.run(Thread.java:750)
