[2m2023-05-16 00:13:53.465[0;39m [32m INFO[0;39m [35m2608[0;39m [2m---[0;39m [2m[nio-9999-exec-2][0;39m [36mc.s.vue.controller.HouseMapController   [0;39m [2m:[0;39m sido - 호출
[2m2023-05-16 00:13:56.264[0;39m [32m INFO[0;39m [35m2608[0;39m [2m---[0;39m [2m[nio-9999-exec-1][0;39m [36mc.s.vue.controller.HouseMapController   [0;39m [2m:[0;39m gugun - 호출
[2m2023-05-16 00:18:07.492[0;39m [32m INFO[0;39m [35m2608[0;39m [2m---[0;39m [2m[nio-9999-exec-5][0;39m [36mc.s.vue.controller.HouseMapController   [0;39m [2m:[0;39m sido - 호출
[2m2023-05-16 00:18:10.276[0;39m [32m INFO[0;39m [35m2608[0;39m [2m---[0;39m [2m[nio-9999-exec-6][0;39m [36mc.s.vue.controller.HouseMapController   [0;39m [2m:[0;39m sido - 호출
[2m2023-05-16 00:19:20.170[0;39m [32m INFO[0;39m [35m2608[0;39m [2m---[0;39m [2m[nio-9999-exec-8][0;39m [36mc.ssafy.vue.controller.BoardController  [0;39m [2m:[0;39m listArticle - 호출
[2m2023-05-16 00:19:24.685[0;39m [32m INFO[0;39m [35m2608[0;39m [2m---[0;39m [2m[io-9999-exec-10][0;39m [36mc.s.vue.controller.HouseMapController   [0;39m [2m:[0;39m sido - 호출
[2m2023-05-16 00:19:28.101[0;39m [32m INFO[0;39m [35m2608[0;39m [2m---[0;39m [2m[nio-9999-exec-2][0;39m [36mc.s.vue.controller.HouseMapController   [0;39m [2m:[0;39m sido - 호출
[2m2023-05-16 00:19:30.706[0;39m [32m INFO[0;39m [35m2608[0;39m [2m---[0;39m [2m[nio-9999-exec-3][0;39m [36mc.s.vue.controller.HouseMapController   [0;39m [2m:[0;39m gugun - 호출
[2m2023-05-16 00:27:26.767[0;39m [32m INFO[0;39m [35m2608[0;39m [2m---[0;39m [2m[(172)-127.0.0.1][0;39m [36minMXBeanRegistrar$SpringApplicationAdmin[0;39m [2m:[0;39m Application shutdown requested.
[2m2023-05-16 00:27:26.777[0;39m [33m WARN[0;39m [35m2608[0;39m [2m---[0;39m [2m[(172)-127.0.0.1][0;39m [36mo.a.c.loader.WebappClassLoaderBase      [0;39m [2m:[0;39m The web application [vue] appears to have started a thread named [HikariPool-1 housekeeper] but has failed to stop it. This is very likely to create a memory leak. Stack trace of thread:
 sun.misc.Unsafe.park(Native Method)
 java.util.concurrent.locks.LockSupport.parkNanos(LockSupport.java:215)
 java.util.concurrent.locks.AbstractQueuedSynchronizer$ConditionObject.awaitNanos(AbstractQueuedSynchronizer.java:2078)
 java.util.concurrent.ScheduledThreadPoolExecutor$DelayedWorkQueue.take(ScheduledThreadPoolExecutor.java:1093)
 java.util.concurrent.ScheduledThreadPoolExecutor$DelayedWorkQueue.take(ScheduledThreadPoolExecutor.java:809)
 java.util.concurrent.ThreadPoolExecutor.getTask(ThreadPoolExecutor.java:1074)
 java.util.concurrent.ThreadPoolExecutor.runWorker(ThreadPoolExecutor.java:1134)
 java.util.concurrent.ThreadPoolExecutor$Worker.run(ThreadPoolExecutor.java:624)
 java.lang.Thread.run(Thread.java:750)
[2m2023-05-16 13:28:46.834[0;39m [32m INFO[0;39m [35m1845[0;39m [2m---[0;39m [2m[  restartedMain][0;39m [36m.e.DevToolsPropertyDefaultsPostProcessor[0;39m [2m:[0;39m Devtools property defaults active! Set 'spring.devtools.add-properties' to 'false' to disable
[2m2023-05-16 13:28:46.836[0;39m [32m INFO[0;39m [35m1845[0;39m [2m---[0;39m [2m[  restartedMain][0;39m [36m.e.DevToolsPropertyDefaultsPostProcessor[0;39m [2m:[0;39m For additional web related logging consider setting the 'logging.level.web' property to 'DEBUG'
[2m2023-05-16 13:28:48.224[0;39m [32m INFO[0;39m [35m1845[0;39m [2m---[0;39m [2m[  restartedMain][0;39m [36mo.s.b.w.embedded.tomcat.TomcatWebServer [0;39m [2m:[0;39m Tomcat initialized with port(s): 9999 (http)
[2m2023-05-16 13:28:48.272[0;39m [32m INFO[0;39m [35m1845[0;39m [2m---[0;39m [2m[  restartedMain][0;39m [36mw.s.c.ServletWebServerApplicationContext[0;39m [2m:[0;39m Root WebApplicationContext: initialization completed in 1436 ms
[2m2023-05-16 13:28:48.781[0;39m [32m INFO[0;39m [35m1845[0;39m [2m---[0;39m [2m[  restartedMain][0;39m [36mo.s.b.d.a.OptionalLiveReloadServer      [0;39m [2m:[0;39m LiveReload server is running on port 35729
[2m2023-05-16 13:28:48.923[0;39m [32m INFO[0;39m [35m1845[0;39m [2m---[0;39m [2m[  restartedMain][0;39m [36mo.s.b.w.embedded.tomcat.TomcatWebServer [0;39m [2m:[0;39m Tomcat started on port(s): 9999 (http) with context path '/vue'
[2m2023-05-16 13:33:30.478[0;39m [32m INFO[0;39m [35m1845[0;39m [2m---[0;39m [2m[   File Watcher][0;39m [36mrtingClassPathChangeChangedEventListener[0;39m [2m:[0;39m Restarting due to 1 class path change (0 additions, 0 deletions, 1 modification)
[2m2023-05-16 13:33:30.771[0;39m [32m INFO[0;39m [35m1845[0;39m [2m---[0;39m [2m[  restartedMain][0;39m [36mo.s.b.w.embedded.tomcat.TomcatWebServer [0;39m [2m:[0;39m Tomcat initialized with port(s): 9999 (http)
[2m2023-05-16 13:33:30.776[0;39m [32m INFO[0;39m [35m1845[0;39m [2m---[0;39m [2m[  restartedMain][0;39m [36mw.s.c.ServletWebServerApplicationContext[0;39m [2m:[0;39m Root WebApplicationContext: initialization completed in 186 ms
[2m2023-05-16 13:33:30.881[0;39m [32m INFO[0;39m [35m1845[0;39m [2m---[0;39m [2m[  restartedMain][0;39m [36mo.s.b.d.a.OptionalLiveReloadServer      [0;39m [2m:[0;39m LiveReload server is running on port 35729
[2m2023-05-16 13:33:30.923[0;39m [32m INFO[0;39m [35m1845[0;39m [2m---[0;39m [2m[  restartedMain][0;39m [36mo.s.b.w.embedded.tomcat.TomcatWebServer [0;39m [2m:[0;39m Tomcat started on port(s): 9999 (http) with context path '/vue'
[2m2023-05-16 13:33:30.979[0;39m [32m INFO[0;39m [35m1845[0;39m [2m---[0;39m [2m[  restartedMain][0;39m [36m.ConditionEvaluationDeltaLoggingListener[0;39m [2m:[0;39m Condition evaluation unchanged
[2m2023-05-16 14:00:48.629[0;39m [32m INFO[0;39m [35m1845[0;39m [2m---[0;39m [2m[   File Watcher][0;39m [36mrtingClassPathChangeChangedEventListener[0;39m [2m:[0;39m Restarting due to 1 class path change (0 additions, 0 deletions, 1 modification)
[2m2023-05-16 14:00:49.192[0;39m [32m INFO[0;39m [35m1845[0;39m [2m---[0;39m [2m[  restartedMain][0;39m [36mo.s.b.w.embedded.tomcat.TomcatWebServer [0;39m [2m:[0;39m Tomcat initialized with port(s): 9999 (http)
[2m2023-05-16 14:00:49.197[0;39m [32m INFO[0;39m [35m1845[0;39m [2m---[0;39m [2m[  restartedMain][0;39m [36mw.s.c.ServletWebServerApplicationContext[0;39m [2m:[0;39m Root WebApplicationContext: initialization completed in 173 ms
[2m2023-05-16 14:00:49.295[0;39m [32m INFO[0;39m [35m1845[0;39m [2m---[0;39m [2m[  restartedMain][0;39m [36mo.s.b.d.a.OptionalLiveReloadServer      [0;39m [2m:[0;39m LiveReload server is running on port 35729
[2m2023-05-16 14:00:49.332[0;39m [32m INFO[0;39m [35m1845[0;39m [2m---[0;39m [2m[  restartedMain][0;39m [36mo.s.b.w.embedded.tomcat.TomcatWebServer [0;39m [2m:[0;39m Tomcat started on port(s): 9999 (http) with context path '/vue'
[2m2023-05-16 14:00:49.383[0;39m [32m INFO[0;39m [35m1845[0;39m [2m---[0;39m [2m[  restartedMain][0;39m [36m.ConditionEvaluationDeltaLoggingListener[0;39m [2m:[0;39m Condition evaluation unchanged
[2m2023-05-16 14:15:17.823[0;39m [32m INFO[0;39m [35m1845[0;39m [2m---[0;39m [2m[nio-9999-exec-1][0;39m [36mo.s.web.servlet.DispatcherServlet       [0;39m [2m:[0;39m Initializing Servlet 'dispatcherServlet'
[2m2023-05-16 14:15:17.825[0;39m [32m INFO[0;39m [35m1845[0;39m [2m---[0;39m [2m[nio-9999-exec-1][0;39m [36mo.s.web.servlet.DispatcherServlet       [0;39m [2m:[0;39m Completed initialization in 1 ms
[2m2023-05-16 14:15:17.858[0;39m [32m INFO[0;39m [35m1845[0;39m [2m---[0;39m [2m[nio-9999-exec-1][0;39m [36mc.ssafy.vue.controller.BoardController  [0;39m [2m:[0;39m listArticle - 호출
[2m2023-05-16 14:15:19.786[0;39m [32m INFO[0;39m [35m1845[0;39m [2m---[0;39m [2m[nio-9999-exec-2][0;39m [36mc.s.vue.controller.HouseMapController   [0;39m [2m:[0;39m sido - 호출
[2m2023-05-16 14:15:22.848[0;39m [32m INFO[0;39m [35m1845[0;39m [2m---[0;39m [2m[nio-9999-exec-3][0;39m [36mc.s.vue.controller.HouseMapController   [0;39m [2m:[0;39m gugun - 호출
[2m2023-05-16 14:15:41.186[0;39m [32m INFO[0;39m [35m1845[0;39m [2m---[0;39m [2m[nio-9999-exec-4][0;39m [36mc.ssafy.vue.controller.BoardController  [0;39m [2m:[0;39m listArticle - 호출
[2m2023-05-16 14:15:53.149[0;39m [31mERROR[0;39m [35m1845[0;39m [2m---[0;39m [2m[nio-9999-exec-6][0;39m [36mc.ssafy.vue.controller.MemberController [0;39m [2m:[0;39m 로그인 실패 : {}

org.springframework.jdbc.BadSqlGrammarException: 
### Error updating database.  Cause: java.sql.SQLSyntaxErrorException: Unknown column 'token' in 'field list'
### The error may exist in file [/Users/troment/Desktop/SSAFY9th/workspace/framework/VueAPI/target/classes/mappers/member.xml]
### The error may involve com.ssafy.vue.model.mapper.MemberMapper.saveRefreshToken-Inline
### The error occurred while setting parameters
### SQL: update ssafy_member   set token = ?   where userid = ?
### Cause: java.sql.SQLSyntaxErrorException: Unknown column 'token' in 'field list'
; bad SQL grammar []; nested exception is java.sql.SQLSyntaxErrorException: Unknown column 'token' in 'field list'
	at org.springframework.jdbc.support.SQLErrorCodeSQLExceptionTranslator.doTranslate(SQLErrorCodeSQLExceptionTranslator.java:239)
	at org.springframework.jdbc.support.AbstractFallbackSQLExceptionTranslator.translate(AbstractFallbackSQLExceptionTranslator.java:70)
	at org.mybatis.spring.MyBatisExceptionTranslator.translateExceptionIfPossible(MyBatisExceptionTranslator.java:92)
	at org.mybatis.spring.SqlSessionTemplate$SqlSessionInterceptor.invoke(SqlSessionTemplate.java:439)
	at com.sun.proxy.$Proxy83.update(Unknown Source)
	at org.mybatis.spring.SqlSessionTemplate.update(SqlSessionTemplate.java:288)
	at org.apache.ibatis.binding.MapperMethod.execute(MapperMethod.java:67)
	at org.apache.ibatis.binding.MapperProxy$PlainMethodInvoker.invoke(MapperProxy.java:145)
	at org.apache.ibatis.binding.MapperProxy.invoke(MapperProxy.java:86)
	at com.sun.proxy.$Proxy111.saveRefreshToken(Unknown Source)
	at com.ssafy.vue.model.service.MemberServiceImpl.saveRefreshToken(MemberServiceImpl.java:36)
	at com.ssafy.vue.controller.MemberController.login(MemberController.java:54)
	at sun.reflect.NativeMethodAccessorImpl.invoke0(Native Method)
	at sun.reflect.NativeMethodAccessorImpl.invoke(NativeMethodAccessorImpl.java:62)
	at sun.reflect.DelegatingMethodAccessorImpl.invoke(DelegatingMethodAccessorImpl.java:43)
	at java.lang.reflect.Method.invoke(Method.java:498)
	at org.springframework.web.method.support.InvocableHandlerMethod.doInvoke(InvocableHandlerMethod.java:205)
	at org.springframework.web.method.support.InvocableHandlerMethod.invokeForRequest(InvocableHandlerMethod.java:150)
	at org.springframework.web.servlet.mvc.method.annotation.ServletInvocableHandlerMethod.invokeAndHandle(ServletInvocableHandlerMethod.java:117)
	at org.springframework.web.servlet.mvc.method.annotation.RequestMappingHandlerAdapter.invokeHandlerMethod(RequestMappingHandlerAdapter.java:895)
	at org.springframework.web.servlet.mvc.method.annotation.RequestMappingHandlerAdapter.handleInternal(RequestMappingHandlerAdapter.java:808)
	at org.springframework.web.servlet.mvc.method.AbstractHandlerMethodAdapter.handle(AbstractHandlerMethodAdapter.java:87)
	at org.springframework.web.servlet.DispatcherServlet.doDispatch(DispatcherServlet.java:1072)
	at org.springframework.web.servlet.DispatcherServlet.doService(DispatcherServlet.java:965)
	at org.springframework.web.servlet.FrameworkServlet.processRequest(FrameworkServlet.java:1006)
	at org.springframework.web.servlet.FrameworkServlet.doPost(FrameworkServlet.java:909)
	at javax.servlet.http.HttpServlet.service(HttpServlet.java:555)
	at org.springframework.web.servlet.FrameworkServlet.service(FrameworkServlet.java:883)
	at javax.servlet.http.HttpServlet.service(HttpServlet.java:623)
	at org.apache.catalina.core.ApplicationFilterChain.internalDoFilter(ApplicationFilterChain.java:209)
	at org.apache.catalina.core.ApplicationFilterChain.doFilter(ApplicationFilterChain.java:153)
	at org.apache.tomcat.websocket.server.WsFilter.doFilter(WsFilter.java:51)
	at org.apache.catalina.core.ApplicationFilterChain.internalDoFilter(ApplicationFilterChain.java:178)
	at org.apache.catalina.core.ApplicationFilterChain.doFilter(ApplicationFilterChain.java:153)
	at org.springframework.web.filter.CharacterEncodingFilter.doFilterInternal(CharacterEncodingFilter.java:201)
	at org.springframework.web.filter.OncePerRequestFilter.doFilter(OncePerRequestFilter.java:117)
	at org.apache.catalina.core.ApplicationFilterChain.internalDoFilter(ApplicationFilterChain.java:178)
	at org.apache.catalina.core.ApplicationFilterChain.doFilter(ApplicationFilterChain.java:153)
	at org.apache.catalina.core.StandardWrapperValve.invoke(StandardWrapperValve.java:167)
	at org.apache.catalina.core.StandardContextValve.invoke(StandardContextValve.java:90)
	at org.apache.catalina.authenticator.AuthenticatorBase.invoke(AuthenticatorBase.java:481)
	at org.apache.catalina.core.StandardHostValve.invoke(StandardHostValve.java:130)
	at org.apache.catalina.valves.ErrorReportValve.invoke(ErrorReportValve.java:93)
	at org.apache.catalina.core.StandardEngineValve.invoke(StandardEngineValve.java:74)
	at org.apache.catalina.connector.CoyoteAdapter.service(CoyoteAdapter.java:343)
	at org.apache.coyote.http11.Http11Processor.service(Http11Processor.java:389)
	at org.apache.coyote.AbstractProcessorLight.process(AbstractProcessorLight.java:63)
	at org.apache.coyote.AbstractProtocol$ConnectionHandler.process(AbstractProtocol.java:926)
	at org.apache.tomcat.util.net.NioEndpoint$SocketProcessor.doRun(NioEndpoint.java:1791)
	at org.apache.tomcat.util.net.SocketProcessorBase.run(SocketProcessorBase.java:52)
	at org.apache.tomcat.util.threads.ThreadPoolExecutor.runWorker(ThreadPoolExecutor.java:1191)
	at org.apache.tomcat.util.threads.ThreadPoolExecutor$Worker.run(ThreadPoolExecutor.java:659)
	at org.apache.tomcat.util.threads.TaskThread$WrappingRunnable.run(TaskThread.java:61)
	at java.lang.Thread.run(Thread.java:750)
Caused by: java.sql.SQLSyntaxErrorException: Unknown column 'token' in 'field list'
	at com.mysql.cj.jdbc.exceptions.SQLError.createSQLException(SQLError.java:121)
	at com.mysql.cj.jdbc.exceptions.SQLExceptionsMapping.translateException(SQLExceptionsMapping.java:122)
	at com.mysql.cj.jdbc.ClientPreparedStatement.executeInternal(ClientPreparedStatement.java:916)
	at com.mysql.cj.jdbc.ClientPreparedStatement.execute(ClientPreparedStatement.java:354)
	at com.zaxxer.hikari.pool.ProxyPreparedStatement.execute(ProxyPreparedStatement.java:44)
	at com.zaxxer.hikari.pool.HikariProxyPreparedStatement.execute(HikariProxyPreparedStatement.java)
	at org.apache.ibatis.executor.statement.PreparedStatementHandler.update(PreparedStatementHandler.java:47)
	at org.apache.ibatis.executor.statement.RoutingStatementHandler.update(RoutingStatementHandler.java:74)
	at org.apache.ibatis.executor.SimpleExecutor.doUpdate(SimpleExecutor.java:50)
	at org.apache.ibatis.executor.BaseExecutor.update(BaseExecutor.java:117)
	at org.apache.ibatis.executor.CachingExecutor.update(CachingExecutor.java:76)
	at org.apache.ibatis.session.defaults.DefaultSqlSession.update(DefaultSqlSession.java:194)
	at sun.reflect.NativeMethodAccessorImpl.invoke0(Native Method)
	at sun.reflect.NativeMethodAccessorImpl.invoke(NativeMethodAccessorImpl.java:62)
	at sun.reflect.DelegatingMethodAccessorImpl.invoke(DelegatingMethodAccessorImpl.java:43)
	at java.lang.reflect.Method.invoke(Method.java:498)
	at org.mybatis.spring.SqlSessionTemplate$SqlSessionInterceptor.invoke(SqlSessionTemplate.java:425)
	... 50 common frames omitted

[2m2023-05-16 14:16:53.921[0;39m [32mDEBUG[0;39m [35m1845[0;39m [2m---[0;39m [2m[nio-9999-exec-7][0;39m [36mc.ssafy.vue.controller.MemberController [0;39m [2m:[0;39m 로그인 accessToken 정보 : eyJ0eXAiOiJKV1QiLCJyZWdEYXRlIjoxNjg0MjE0MjEzOTE4LCJhbGciOiJIUzI1NiJ9.eyJleHAiOjE2ODQyMTQyMjMsInN1YiI6ImFjY2Vzcy10b2tlbiIsInVzZXJpZCI6InNzYWZ5In0.mWdhT78H2yiEksQIqyrStcSm0oUk_wzRxwg_l8VHLQY
[2m2023-05-16 14:16:53.922[0;39m [32mDEBUG[0;39m [35m1845[0;39m [2m---[0;39m [2m[nio-9999-exec-7][0;39m [36mc.ssafy.vue.controller.MemberController [0;39m [2m:[0;39m 로그인 refreshToken 정보 : eyJ0eXAiOiJKV1QiLCJyZWdEYXRlIjoxNjg0MjE0MjEzOTE4LCJhbGciOiJIUzI1NiJ9.eyJleHAiOjE2ODQyMTQyNDMsInN1YiI6InJlZnJlc2gtdG9rZW4iLCJ1c2VyaWQiOiJzc2FmeSJ9.drDjeBq-FCtSmqIoZi4CyPRxJTUxGTWNzsDJzmnTDHY
[2m2023-05-16 14:16:53.947[0;39m [32m INFO[0;39m [35m1845[0;39m [2m---[0;39m [2m[nio-9999-exec-9][0;39m [36mc.ssafy.vue.controller.MemberController [0;39m [2m:[0;39m 사용 가능한 토큰!!!
[2m2023-05-16 14:16:59.582[0;39m [32m INFO[0;39m [35m1845[0;39m [2m---[0;39m [2m[io-9999-exec-10][0;39m [36mc.ssafy.vue.controller.MemberController [0;39m [2m:[0;39m 사용 가능한 토큰!!!
[2m2023-05-16 15:07:31.768[0;39m [33m WARN[0;39m [35m1845[0;39m [2m---[0;39m [2m[l-1 housekeeper][0;39m [36mcom.zaxxer.hikari.pool.HikariPool       [0;39m [2m:[0;39m HikariPool-1 - Thread starvation or clock leap detected (housekeeper delta=2m43s147ms).
[2m2023-05-16 16:09:36.871[0;39m [32m INFO[0;39m [35m1845[0;39m [2m---[0;39m [2m[   File Watcher][0;39m [36mrtingClassPathChangeChangedEventListener[0;39m [2m:[0;39m Restarting due to 1 class path change (0 additions, 0 deletions, 1 modification)
[2m2023-05-16 16:09:36.879[0;39m [33m WARN[0;39m [35m1845[0;39m [2m---[0;39m [2m[      Thread-19][0;39m [36mo.a.c.loader.WebappClassLoaderBase      [0;39m [2m:[0;39m The web application [vue] appears to have started a thread named [HikariPool-1 housekeeper] but has failed to stop it. This is very likely to create a memory leak. Stack trace of thread:
 sun.misc.Unsafe.park(Native Method)
 java.util.concurrent.locks.LockSupport.parkNanos(LockSupport.java:215)
 java.util.concurrent.locks.AbstractQueuedSynchronizer$ConditionObject.awaitNanos(AbstractQueuedSynchronizer.java:2078)
 java.util.concurrent.ScheduledThreadPoolExecutor$DelayedWorkQueue.take(ScheduledThreadPoolExecutor.java:1093)
 java.util.concurrent.ScheduledThreadPoolExecutor$DelayedWorkQueue.take(ScheduledThreadPoolExecutor.java:809)
 java.util.concurrent.ThreadPoolExecutor.getTask(ThreadPoolExecutor.java:1074)
 java.util.concurrent.ThreadPoolExecutor.runWorker(ThreadPoolExecutor.java:1134)
 java.util.concurrent.ThreadPoolExecutor$Worker.run(ThreadPoolExecutor.java:624)
 java.lang.Thread.run(Thread.java:750)
[2m2023-05-16 16:09:37.660[0;39m [32m INFO[0;39m [35m1845[0;39m [2m---[0;39m [2m[  restartedMain][0;39m [36mo.s.b.w.embedded.tomcat.TomcatWebServer [0;39m [2m:[0;39m Tomcat initialized with port(s): 9999 (http)
[2m2023-05-16 16:09:37.666[0;39m [32m INFO[0;39m [35m1845[0;39m [2m---[0;39m [2m[  restartedMain][0;39m [36mw.s.c.ServletWebServerApplicationContext[0;39m [2m:[0;39m Root WebApplicationContext: initialization completed in 209 ms
[2m2023-05-16 16:09:37.773[0;39m [32m INFO[0;39m [35m1845[0;39m [2m---[0;39m [2m[  restartedMain][0;39m [36mo.s.b.d.a.OptionalLiveReloadServer      [0;39m [2m:[0;39m LiveReload server is running on port 35729
[2m2023-05-16 16:09:37.820[0;39m [32m INFO[0;39m [35m1845[0;39m [2m---[0;39m [2m[  restartedMain][0;39m [36mo.s.b.w.embedded.tomcat.TomcatWebServer [0;39m [2m:[0;39m Tomcat started on port(s): 9999 (http) with context path '/vue'
[2m2023-05-16 16:09:37.881[0;39m [32m INFO[0;39m [35m1845[0;39m [2m---[0;39m [2m[  restartedMain][0;39m [36m.ConditionEvaluationDeltaLoggingListener[0;39m [2m:[0;39m Condition evaluation unchanged
[2m2023-05-16 16:09:39.226[0;39m [32m INFO[0;39m [35m1845[0;39m [2m---[0;39m [2m[   File Watcher][0;39m [36mrtingClassPathChangeChangedEventListener[0;39m [2m:[0;39m Restarting due to 1 class path change (0 additions, 0 deletions, 1 modification)
[2m2023-05-16 16:09:39.515[0;39m [32m INFO[0;39m [35m1845[0;39m [2m---[0;39m [2m[  restartedMain][0;39m [36mo.s.b.w.embedded.tomcat.TomcatWebServer [0;39m [2m:[0;39m Tomcat initialized with port(s): 9999 (http)
[2m2023-05-16 16:09:39.519[0;39m [32m INFO[0;39m [35m1845[0;39m [2m---[0;39m [2m[  restartedMain][0;39m [36mw.s.c.ServletWebServerApplicationContext[0;39m [2m:[0;39m Root WebApplicationContext: initialization completed in 172 ms
[2m2023-05-16 16:09:39.608[0;39m [32m INFO[0;39m [35m1845[0;39m [2m---[0;39m [2m[  restartedMain][0;39m [36mo.s.b.d.a.OptionalLiveReloadServer      [0;39m [2m:[0;39m LiveReload server is running on port 35729
[2m2023-05-16 16:09:39.647[0;39m [32m INFO[0;39m [35m1845[0;39m [2m---[0;39m [2m[  restartedMain][0;39m [36mo.s.b.w.embedded.tomcat.TomcatWebServer [0;39m [2m:[0;39m Tomcat started on port(s): 9999 (http) with context path '/vue'
[2m2023-05-16 16:09:39.688[0;39m [32m INFO[0;39m [35m1845[0;39m [2m---[0;39m [2m[  restartedMain][0;39m [36m.ConditionEvaluationDeltaLoggingListener[0;39m [2m:[0;39m Condition evaluation unchanged
[2m2023-05-16 16:10:16.525[0;39m [32m INFO[0;39m [35m1845[0;39m [2m---[0;39m [2m[nio-9999-exec-1][0;39m [36mo.s.web.servlet.DispatcherServlet       [0;39m [2m:[0;39m Initializing Servlet 'dispatcherServlet'
[2m2023-05-16 16:10:16.527[0;39m [32m INFO[0;39m [35m1845[0;39m [2m---[0;39m [2m[nio-9999-exec-1][0;39m [36mo.s.web.servlet.DispatcherServlet       [0;39m [2m:[0;39m Completed initialization in 1 ms
[2m2023-05-16 16:10:16.533[0;39m [32m INFO[0;39m [35m1845[0;39m [2m---[0;39m [2m[nio-9999-exec-1][0;39m [36mc.ssafy.vue.controller.BoardController  [0;39m [2m:[0;39m listArticle - 호출
[2m2023-05-16 16:10:17.924[0;39m [31mERROR[0;39m [35m1845[0;39m [2m---[0;39m [2m[nio-9999-exec-3][0;39m [36mc.s.vue.model.service.JwtServiceImpl    [0;39m [2m:[0;39m JWT expired at 2023-05-16T14:17:03Z. Current time: 2023-05-16T16:10:17Z, a difference of 6794923 milliseconds.  Allowed clock skew: 0 milliseconds.
[2m2023-05-16 16:10:17.924[0;39m [31mERROR[0;39m [35m1845[0;39m [2m---[0;39m [2m[nio-9999-exec-3][0;39m [36mc.ssafy.vue.controller.MemberController [0;39m [2m:[0;39m 사용 불가능 토큰!!!
[2m2023-05-16 16:10:17.935[0;39m [32mDEBUG[0;39m [35m1845[0;39m [2m---[0;39m [2m[nio-9999-exec-5][0;39m [36mc.ssafy.vue.controller.MemberController [0;39m [2m:[0;39m token : eyJ0eXAiOiJKV1QiLCJyZWdEYXRlIjoxNjg0MjE0MjEzOTE4LCJhbGciOiJIUzI1NiJ9.eyJleHAiOjE2ODQyMTQyNDMsInN1YiI6InJlZnJlc2gtdG9rZW4iLCJ1c2VyaWQiOiJzc2FmeSJ9.drDjeBq-FCtSmqIoZi4CyPRxJTUxGTWNzsDJzmnTDHY, memberDto : com.ssafy.vue.model.MemberDto@670fa191
[2m2023-05-16 16:10:17.936[0;39m [31mERROR[0;39m [35m1845[0;39m [2m---[0;39m [2m[nio-9999-exec-5][0;39m [36mc.s.vue.model.service.JwtServiceImpl    [0;39m [2m:[0;39m JWT expired at 2023-05-16T14:17:23Z. Current time: 2023-05-16T16:10:17Z, a difference of 6774936 milliseconds.  Allowed clock skew: 0 milliseconds.
[2m2023-05-16 16:10:17.936[0;39m [32mDEBUG[0;39m [35m1845[0;39m [2m---[0;39m [2m[nio-9999-exec-5][0;39m [36mc.ssafy.vue.controller.MemberController [0;39m [2m:[0;39m 리프레쉬토큰도 사용불!!!!!!!
[2m2023-05-16 16:10:30.405[0;39m [32mDEBUG[0;39m [35m1845[0;39m [2m---[0;39m [2m[io-9999-exec-10][0;39m [36mc.ssafy.vue.controller.MemberController [0;39m [2m:[0;39m 로그인 accessToken 정보 : eyJ0eXAiOiJKV1QiLCJhbGciOiJIUzI1NiJ9.eyJzdWIiOiJhY2Nlc3MtdG9rZW4iLCJpYXQiOjE2ODQyMjEwMzAsImV4cCI6MTY4NDIyMTA0MCwidXNlcmlkIjoic3NhZnkifQ.gypUv1ur71WyPnDEHnlXoBDFYjLF9PXPZsQO_NaHdZY
[2m2023-05-16 16:10:30.406[0;39m [32mDEBUG[0;39m [35m1845[0;39m [2m---[0;39m [2m[io-9999-exec-10][0;39m [36mc.ssafy.vue.controller.MemberController [0;39m [2m:[0;39m 로그인 refreshToken 정보 : eyJ0eXAiOiJKV1QiLCJhbGciOiJIUzI1NiJ9.eyJzdWIiOiJyZWZyZXNoLXRva2VuIiwiaWF0IjoxNjg0MjIxMDMwLCJleHAiOjE2ODQyMjEwNjAsInVzZXJpZCI6InNzYWZ5In0.RXYnwPaK3bMezYSJYxWEv-HuNDZwqvU2egZ2ssHTBcI
[2m2023-05-16 16:10:30.417[0;39m [32m INFO[0;39m [35m1845[0;39m [2m---[0;39m [2m[nio-9999-exec-2][0;39m [36mc.ssafy.vue.controller.MemberController [0;39m [2m:[0;39m 사용 가능한 토큰!!!
[2m2023-05-16 16:10:33.583[0;39m [32m INFO[0;39m [35m1845[0;39m [2m---[0;39m [2m[nio-9999-exec-3][0;39m [36mc.ssafy.vue.controller.BoardController  [0;39m [2m:[0;39m listArticle - 호출
[2m2023-05-16 16:10:34.672[0;39m [32m INFO[0;39m [35m1845[0;39m [2m---[0;39m [2m[nio-9999-exec-4][0;39m [36mc.ssafy.vue.controller.MemberController [0;39m [2m:[0;39m 사용 가능한 토큰!!!
[2m2023-05-16 16:10:36.971[0;39m [32m INFO[0;39m [35m1845[0;39m [2m---[0;39m [2m[nio-9999-exec-5][0;39m [36mc.ssafy.vue.controller.MemberController [0;39m [2m:[0;39m 사용 가능한 토큰!!!
[2m2023-05-16 16:10:38.321[0;39m [32m INFO[0;39m [35m1845[0;39m [2m---[0;39m [2m[nio-9999-exec-6][0;39m [36mc.ssafy.vue.controller.MemberController [0;39m [2m:[0;39m 사용 가능한 토큰!!!
[2m2023-05-16 16:10:38.704[0;39m [32m INFO[0;39m [35m1845[0;39m [2m---[0;39m [2m[nio-9999-exec-7][0;39m [36mc.ssafy.vue.controller.MemberController [0;39m [2m:[0;39m 사용 가능한 토큰!!!
[2m2023-05-16 16:10:44.122[0;39m [31mERROR[0;39m [35m1845[0;39m [2m---[0;39m [2m[nio-9999-exec-8][0;39m [36mc.s.vue.model.service.JwtServiceImpl    [0;39m [2m:[0;39m JWT expired at 2023-05-16T16:10:40Z. Current time: 2023-05-16T16:10:44Z, a difference of 4122 milliseconds.  Allowed clock skew: 0 milliseconds.
[2m2023-05-16 16:10:44.122[0;39m [31mERROR[0;39m [35m1845[0;39m [2m---[0;39m [2m[nio-9999-exec-8][0;39m [36mc.ssafy.vue.controller.MemberController [0;39m [2m:[0;39m 사용 불가능 토큰!!!
[2m2023-05-16 16:10:44.126[0;39m [32mDEBUG[0;39m [35m1845[0;39m [2m---[0;39m [2m[nio-9999-exec-9][0;39m [36mc.ssafy.vue.controller.MemberController [0;39m [2m:[0;39m token : eyJ0eXAiOiJKV1QiLCJhbGciOiJIUzI1NiJ9.eyJzdWIiOiJyZWZyZXNoLXRva2VuIiwiaWF0IjoxNjg0MjIxMDMwLCJleHAiOjE2ODQyMjEwNjAsInVzZXJpZCI6InNzYWZ5In0.RXYnwPaK3bMezYSJYxWEv-HuNDZwqvU2egZ2ssHTBcI, memberDto : com.ssafy.vue.model.MemberDto@2dcb26f
[2m2023-05-16 16:10:44.130[0;39m [32mDEBUG[0;39m [35m1845[0;39m [2m---[0;39m [2m[nio-9999-exec-9][0;39m [36mc.ssafy.vue.controller.MemberController [0;39m [2m:[0;39m token : eyJ0eXAiOiJKV1QiLCJhbGciOiJIUzI1NiJ9.eyJzdWIiOiJhY2Nlc3MtdG9rZW4iLCJpYXQiOjE2ODQyMjEwNDQsImV4cCI6MTY4NDIyMTA1NCwidXNlcmlkIjoic3NhZnkifQ.3o34szQoo4eb4ffd-h18RLO5fHkVMc6tYCCRUlrfNbI
[2m2023-05-16 16:10:44.130[0;39m [32mDEBUG[0;39m [35m1845[0;39m [2m---[0;39m [2m[nio-9999-exec-9][0;39m [36mc.ssafy.vue.controller.MemberController [0;39m [2m:[0;39m 정상적으로 액세스토큰 재발급!!!
[2m2023-05-16 16:10:44.871[0;39m [32m INFO[0;39m [35m1845[0;39m [2m---[0;39m [2m[io-9999-exec-10][0;39m [36mc.ssafy.vue.controller.MemberController [0;39m [2m:[0;39m 사용 가능한 토큰!!!
[2m2023-05-16 16:10:45.220[0;39m [32m INFO[0;39m [35m1845[0;39m [2m---[0;39m [2m[nio-9999-exec-1][0;39m [36mc.ssafy.vue.controller.MemberController [0;39m [2m:[0;39m 사용 가능한 토큰!!!
[2m2023-05-16 16:10:45.821[0;39m [32m INFO[0;39m [35m1845[0;39m [2m---[0;39m [2m[nio-9999-exec-2][0;39m [36mc.ssafy.vue.controller.MemberController [0;39m [2m:[0;39m 사용 가능한 토큰!!!
[2m2023-05-16 16:10:46.138[0;39m [32m INFO[0;39m [35m1845[0;39m [2m---[0;39m [2m[nio-9999-exec-3][0;39m [36mc.ssafy.vue.controller.MemberController [0;39m [2m:[0;39m 사용 가능한 토큰!!!
[2m2023-05-16 16:11:26.145[0;39m [31mERROR[0;39m [35m1845[0;39m [2m---[0;39m [2m[nio-9999-exec-4][0;39m [36mc.s.vue.model.service.JwtServiceImpl    [0;39m [2m:[0;39m JWT expired at 2023-05-16T16:10:54Z. Current time: 2023-05-16T16:11:26Z, a difference of 32144 milliseconds.  Allowed clock skew: 0 milliseconds.
[2m2023-05-16 16:11:26.145[0;39m [31mERROR[0;39m [35m1845[0;39m [2m---[0;39m [2m[nio-9999-exec-4][0;39m [36mc.ssafy.vue.controller.MemberController [0;39m [2m:[0;39m 사용 불가능 토큰!!!
[2m2023-05-16 16:11:26.150[0;39m [32mDEBUG[0;39m [35m1845[0;39m [2m---[0;39m [2m[nio-9999-exec-5][0;39m [36mc.ssafy.vue.controller.MemberController [0;39m [2m:[0;39m token : eyJ0eXAiOiJKV1QiLCJhbGciOiJIUzI1NiJ9.eyJzdWIiOiJyZWZyZXNoLXRva2VuIiwiaWF0IjoxNjg0MjIxMDMwLCJleHAiOjE2ODQyMjEwNjAsInVzZXJpZCI6InNzYWZ5In0.RXYnwPaK3bMezYSJYxWEv-HuNDZwqvU2egZ2ssHTBcI, memberDto : com.ssafy.vue.model.MemberDto@4ae49282
[2m2023-05-16 16:11:26.150[0;39m [31mERROR[0;39m [35m1845[0;39m [2m---[0;39m [2m[nio-9999-exec-5][0;39m [36mc.s.vue.model.service.JwtServiceImpl    [0;39m [2m:[0;39m JWT expired at 2023-05-16T16:11:00Z. Current time: 2023-05-16T16:11:26Z, a difference of 26150 milliseconds.  Allowed clock skew: 0 milliseconds.
[2m2023-05-16 16:11:26.150[0;39m [32mDEBUG[0;39m [35m1845[0;39m [2m---[0;39m [2m[nio-9999-exec-5][0;39m [36mc.ssafy.vue.controller.MemberController [0;39m [2m:[0;39m 리프레쉬토큰도 사용불!!!!!!!
[2m2023-05-16 16:11:35.496[0;39m [32mDEBUG[0;39m [35m1845[0;39m [2m---[0;39m [2m[nio-9999-exec-7][0;39m [36mc.ssafy.vue.controller.MemberController [0;39m [2m:[0;39m 로그인 accessToken 정보 : eyJ0eXAiOiJKV1QiLCJhbGciOiJIUzI1NiJ9.eyJzdWIiOiJhY2Nlc3MtdG9rZW4iLCJpYXQiOjE2ODQyMjEwOTUsImV4cCI6MTY4NDIyMTEwNSwidXNlcmlkIjoic3NhZnkifQ.vCG92S8SqtF1qjd26iGEUCf_1-QtEE41sIKXdu9SRgg
[2m2023-05-16 16:11:35.496[0;39m [32mDEBUG[0;39m [35m1845[0;39m [2m---[0;39m [2m[nio-9999-exec-7][0;39m [36mc.ssafy.vue.controller.MemberController [0;39m [2m:[0;39m 로그인 refreshToken 정보 : eyJ0eXAiOiJKV1QiLCJhbGciOiJIUzI1NiJ9.eyJzdWIiOiJyZWZyZXNoLXRva2VuIiwiaWF0IjoxNjg0MjIxMDk1LCJleHAiOjE2ODQyMjExMjUsInVzZXJpZCI6InNzYWZ5In0.Ln93QciHpDnFSPWJFjnky6SP1i-jlJcgLEmggyTUeQI
[2m2023-05-16 16:11:35.502[0;39m [32m INFO[0;39m [35m1845[0;39m [2m---[0;39m [2m[nio-9999-exec-8][0;39m [36mc.ssafy.vue.controller.MemberController [0;39m [2m:[0;39m 사용 가능한 토큰!!!
[2m2023-05-16 16:11:39.722[0;39m [32m INFO[0;39m [35m1845[0;39m [2m---[0;39m [2m[nio-9999-exec-9][0;39m [36mc.ssafy.vue.controller.BoardController  [0;39m [2m:[0;39m listArticle - 호출
[2m2023-05-16 16:11:41.461[0;39m [32m INFO[0;39m [35m1845[0;39m [2m---[0;39m [2m[io-9999-exec-10][0;39m [36mc.ssafy.vue.controller.MemberController [0;39m [2m:[0;39m 사용 가능한 토큰!!!
[2m2023-05-16 16:12:55.847[0;39m [32m INFO[0;39m [35m1845[0;39m [2m---[0;39m [2m[   File Watcher][0;39m [36mrtingClassPathChangeChangedEventListener[0;39m [2m:[0;39m Restarting due to 1 class path change (1 addition, 0 deletions, 0 modifications)
[2m2023-05-16 16:12:55.852[0;39m [33m WARN[0;39m [35m1845[0;39m [2m---[0;39m [2m[      Thread-31][0;39m [36mo.a.c.loader.WebappClassLoaderBase      [0;39m [2m:[0;39m The web application [vue] appears to have started a thread named [HikariPool-2 housekeeper] but has failed to stop it. This is very likely to create a memory leak. Stack trace of thread:
 sun.misc.Unsafe.park(Native Method)
 java.util.concurrent.locks.LockSupport.parkNanos(LockSupport.java:215)
 java.util.concurrent.locks.AbstractQueuedSynchronizer$ConditionObject.awaitNanos(AbstractQueuedSynchronizer.java:2078)
 java.util.concurrent.ScheduledThreadPoolExecutor$DelayedWorkQueue.take(ScheduledThreadPoolExecutor.java:1093)
 java.util.concurrent.ScheduledThreadPoolExecutor$DelayedWorkQueue.take(ScheduledThreadPoolExecutor.java:809)
 java.util.concurrent.ThreadPoolExecutor.getTask(ThreadPoolExecutor.java:1074)
 java.util.concurrent.ThreadPoolExecutor.runWorker(ThreadPoolExecutor.java:1134)
 java.util.concurrent.ThreadPoolExecutor$Worker.run(ThreadPoolExecutor.java:624)
 java.lang.Thread.run(Thread.java:750)
[2m2023-05-16 16:12:56.209[0;39m [32m INFO[0;39m [35m1845[0;39m [2m---[0;39m [2m[  restartedMain][0;39m [36mo.s.b.w.embedded.tomcat.TomcatWebServer [0;39m [2m:[0;39m Tomcat initialized with port(s): 9999 (http)
[2m2023-05-16 16:12:56.214[0;39m [32m INFO[0;39m [35m1845[0;39m [2m---[0;39m [2m[  restartedMain][0;39m [36mw.s.c.ServletWebServerApplicationContext[0;39m [2m:[0;39m Root WebApplicationContext: initialization completed in 215 ms
[2m2023-05-16 16:12:56.250[0;39m [33m WARN[0;39m [35m1845[0;39m [2m---[0;39m [2m[  restartedMain][0;39m [36mConfigServletWebServerApplicationContext[0;39m [2m:[0;39m Exception encountered during context initialization - cancelling refresh attempt: org.springframework.beans.factory.UnsatisfiedDependencyException: Error creating bean with name 'jwtInterceptor': Unsatisfied dependency expressed through field 'jwtService'; nested exception is org.springframework.beans.factory.NoUniqueBeanDefinitionException: No qualifying bean of type 'com.ssafy.vue.model.service.JwtService' available: expected single matching bean but found 2: jwtServiceImpl,jwtServiceImpl2
[2m2023-05-16 16:12:56.255[0;39m [32m INFO[0;39m [35m1845[0;39m [2m---[0;39m [2m[  restartedMain][0;39m [36mConditionEvaluationReportLoggingListener[0;39m [2m:[0;39m 

Error starting ApplicationContext. To display the conditions report re-run your application with 'debug' enabled.
[2m2023-05-16 16:12:56.271[0;39m [31mERROR[0;39m [35m1845[0;39m [2m---[0;39m [2m[  restartedMain][0;39m [36mo.s.b.d.LoggingFailureAnalysisReporter  [0;39m [2m:[0;39m 

***************************
APPLICATION FAILED TO START
***************************

Description:

Field jwtService in com.ssafy.vue.interceptor.JwtInterceptor required a single bean, but 2 were found:
	- jwtServiceImpl: defined in file [/Users/troment/Desktop/SSAFY9th/workspace/framework/VueAPI/target/classes/com/ssafy/vue/model/service/JwtServiceImpl.class]
	- jwtServiceImpl2: defined in file [/Users/troment/Desktop/SSAFY9th/workspace/framework/VueAPI/target/classes/com/ssafy/vue/model/service/JwtServiceImpl2.class]


Action:

Consider marking one of the beans as @Primary, updating the consumer to accept multiple beans, or using @Qualifier to identify the bean that should be consumed

[2m2023-05-16 16:12:57.876[0;39m [32m INFO[0;39m [35m1845[0;39m [2m---[0;39m [2m[  restartedMain][0;39m [36mo.s.b.w.embedded.tomcat.TomcatWebServer [0;39m [2m:[0;39m Tomcat initialized with port(s): 9999 (http)
[2m2023-05-16 16:12:57.881[0;39m [32m INFO[0;39m [35m1845[0;39m [2m---[0;39m [2m[  restartedMain][0;39m [36mw.s.c.ServletWebServerApplicationContext[0;39m [2m:[0;39m Root WebApplicationContext: initialization completed in 168 ms
[2m2023-05-16 16:12:57.914[0;39m [33m WARN[0;39m [35m1845[0;39m [2m---[0;39m [2m[  restartedMain][0;39m [36mConfigServletWebServerApplicationContext[0;39m [2m:[0;39m Exception encountered during context initialization - cancelling refresh attempt: org.springframework.beans.factory.UnsatisfiedDependencyException: Error creating bean with name 'jwtInterceptor': Unsatisfied dependency expressed through field 'jwtService'; nested exception is org.springframework.beans.factory.NoUniqueBeanDefinitionException: No qualifying bean of type 'com.ssafy.vue.model.service.JwtService' available: expected single matching bean but found 2: jwtServiceImpl,jwtServiceImpl2
[2m2023-05-16 16:12:57.918[0;39m [32m INFO[0;39m [35m1845[0;39m [2m---[0;39m [2m[  restartedMain][0;39m [36mConditionEvaluationReportLoggingListener[0;39m [2m:[0;39m 

Error starting ApplicationContext. To display the conditions report re-run your application with 'debug' enabled.
[2m2023-05-16 16:12:57.920[0;39m [31mERROR[0;39m [35m1845[0;39m [2m---[0;39m [2m[  restartedMain][0;39m [36mo.s.b.d.LoggingFailureAnalysisReporter  [0;39m [2m:[0;39m 

***************************
APPLICATION FAILED TO START
***************************

Description:

Field jwtService in com.ssafy.vue.interceptor.JwtInterceptor required a single bean, but 2 were found:
	- jwtServiceImpl: defined in file [/Users/troment/Desktop/SSAFY9th/workspace/framework/VueAPI/target/classes/com/ssafy/vue/model/service/JwtServiceImpl.class]
	- jwtServiceImpl2: defined in file [/Users/troment/Desktop/SSAFY9th/workspace/framework/VueAPI/target/classes/com/ssafy/vue/model/service/JwtServiceImpl2.class]


Action:

Consider marking one of the beans as @Primary, updating the consumer to accept multiple beans, or using @Qualifier to identify the bean that should be consumed

[2m2023-05-16 16:13:09.625[0;39m [32m INFO[0;39m [35m1845[0;39m [2m---[0;39m [2m[  restartedMain][0;39m [36mo.s.b.w.embedded.tomcat.TomcatWebServer [0;39m [2m:[0;39m Tomcat initialized with port(s): 9999 (http)
[2m2023-05-16 16:13:09.633[0;39m [32m INFO[0;39m [35m1845[0;39m [2m---[0;39m [2m[  restartedMain][0;39m [36mw.s.c.ServletWebServerApplicationContext[0;39m [2m:[0;39m Root WebApplicationContext: initialization completed in 171 ms
[2m2023-05-16 16:13:09.720[0;39m [32m INFO[0;39m [35m1845[0;39m [2m---[0;39m [2m[  restartedMain][0;39m [36mo.s.b.d.a.OptionalLiveReloadServer      [0;39m [2m:[0;39m LiveReload server is running on port 35729
[2m2023-05-16 16:13:09.758[0;39m [32m INFO[0;39m [35m1845[0;39m [2m---[0;39m [2m[  restartedMain][0;39m [36mo.s.b.w.embedded.tomcat.TomcatWebServer [0;39m [2m:[0;39m Tomcat started on port(s): 9999 (http) with context path '/vue'
[2m2023-05-16 16:13:09.799[0;39m [32m INFO[0;39m [35m1845[0;39m [2m---[0;39m [2m[  restartedMain][0;39m [36m.ConditionEvaluationDeltaLoggingListener[0;39m [2m:[0;39m Condition evaluation unchanged
[2m2023-05-16 16:13:48.496[0;39m [32m INFO[0;39m [35m1845[0;39m [2m---[0;39m [2m[   File Watcher][0;39m [36mrtingClassPathChangeChangedEventListener[0;39m [2m:[0;39m Restarting due to 1 class path change (0 additions, 0 deletions, 1 modification)
[2m2023-05-16 16:13:48.806[0;39m [32m INFO[0;39m [35m1845[0;39m [2m---[0;39m [2m[  restartedMain][0;39m [36mo.s.b.w.embedded.tomcat.TomcatWebServer [0;39m [2m:[0;39m Tomcat initialized with port(s): 9999 (http)
[2m2023-05-16 16:13:48.810[0;39m [32m INFO[0;39m [35m1845[0;39m [2m---[0;39m [2m[  restartedMain][0;39m [36mw.s.c.ServletWebServerApplicationContext[0;39m [2m:[0;39m Root WebApplicationContext: initialization completed in 166 ms
[2m2023-05-16 16:13:48.891[0;39m [32m INFO[0;39m [35m1845[0;39m [2m---[0;39m [2m[  restartedMain][0;39m [36mo.s.b.d.a.OptionalLiveReloadServer      [0;39m [2m:[0;39m LiveReload server is running on port 35729
[2m2023-05-16 16:13:48.927[0;39m [32m INFO[0;39m [35m1845[0;39m [2m---[0;39m [2m[  restartedMain][0;39m [36mo.s.b.w.embedded.tomcat.TomcatWebServer [0;39m [2m:[0;39m Tomcat started on port(s): 9999 (http) with context path '/vue'
[2m2023-05-16 16:13:48.965[0;39m [32m INFO[0;39m [35m1845[0;39m [2m---[0;39m [2m[  restartedMain][0;39m [36m.ConditionEvaluationDeltaLoggingListener[0;39m [2m:[0;39m Condition evaluation unchanged
[2m2023-05-16 16:13:57.410[0;39m [32m INFO[0;39m [35m1845[0;39m [2m---[0;39m [2m[   File Watcher][0;39m [36mrtingClassPathChangeChangedEventListener[0;39m [2m:[0;39m Restarting due to 1 class path change (0 additions, 0 deletions, 1 modification)
[2m2023-05-16 16:13:57.705[0;39m [32m INFO[0;39m [35m1845[0;39m [2m---[0;39m [2m[  restartedMain][0;39m [36mo.s.b.w.embedded.tomcat.TomcatWebServer [0;39m [2m:[0;39m Tomcat initialized with port(s): 9999 (http)
[2m2023-05-16 16:13:57.709[0;39m [32m INFO[0;39m [35m1845[0;39m [2m---[0;39m [2m[  restartedMain][0;39m [36mw.s.c.ServletWebServerApplicationContext[0;39m [2m:[0;39m Root WebApplicationContext: initialization completed in 167 ms
[2m2023-05-16 16:13:57.796[0;39m [32m INFO[0;39m [35m1845[0;39m [2m---[0;39m [2m[  restartedMain][0;39m [36mo.s.b.d.a.OptionalLiveReloadServer      [0;39m [2m:[0;39m LiveReload server is running on port 35729
[2m2023-05-16 16:13:57.833[0;39m [32m INFO[0;39m [35m1845[0;39m [2m---[0;39m [2m[  restartedMain][0;39m [36mo.s.b.w.embedded.tomcat.TomcatWebServer [0;39m [2m:[0;39m Tomcat started on port(s): 9999 (http) with context path '/vue'
[2m2023-05-16 16:13:57.874[0;39m [32m INFO[0;39m [35m1845[0;39m [2m---[0;39m [2m[  restartedMain][0;39m [36m.ConditionEvaluationDeltaLoggingListener[0;39m [2m:[0;39m Condition evaluation unchanged
[2m2023-05-16 16:14:06.202[0;39m [32m INFO[0;39m [35m1845[0;39m [2m---[0;39m [2m[nio-9999-exec-1][0;39m [36mo.s.web.servlet.DispatcherServlet       [0;39m [2m:[0;39m Initializing Servlet 'dispatcherServlet'
[2m2023-05-16 16:14:06.203[0;39m [32m INFO[0;39m [35m1845[0;39m [2m---[0;39m [2m[nio-9999-exec-1][0;39m [36mo.s.web.servlet.DispatcherServlet       [0;39m [2m:[0;39m Completed initialization in 1 ms
[2m2023-05-16 16:14:06.206[0;39m [31mERROR[0;39m [35m1845[0;39m [2m---[0;39m [2m[nio-9999-exec-1][0;39m [36mc.s.vue.model.service.JwtServiceImpl    [0;39m [2m:[0;39m JWT expired at 2023-05-16T16:11:45Z. Current time: 2023-05-16T16:14:06Z, a difference of 141206 milliseconds.  Allowed clock skew: 0 milliseconds.
[2m2023-05-16 16:14:06.206[0;39m [31mERROR[0;39m [35m1845[0;39m [2m---[0;39m [2m[nio-9999-exec-1][0;39m [36mc.ssafy.vue.controller.MemberController [0;39m [2m:[0;39m 사용 불가능 토큰!!!
[2m2023-05-16 16:14:06.212[0;39m [32mDEBUG[0;39m [35m1845[0;39m [2m---[0;39m [2m[nio-9999-exec-2][0;39m [36mc.ssafy.vue.controller.MemberController [0;39m [2m:[0;39m token : eyJ0eXAiOiJKV1QiLCJhbGciOiJIUzI1NiJ9.eyJzdWIiOiJyZWZyZXNoLXRva2VuIiwiaWF0IjoxNjg0MjIxMDk1LCJleHAiOjE2ODQyMjExMjUsInVzZXJpZCI6InNzYWZ5In0.Ln93QciHpDnFSPWJFjnky6SP1i-jlJcgLEmggyTUeQI, memberDto : com.ssafy.vue.model.MemberDto@71529263
[2m2023-05-16 16:14:06.213[0;39m [31mERROR[0;39m [35m1845[0;39m [2m---[0;39m [2m[nio-9999-exec-2][0;39m [36mc.s.vue.model.service.JwtServiceImpl    [0;39m [2m:[0;39m JWT expired at 2023-05-16T16:12:05Z. Current time: 2023-05-16T16:14:06Z, a difference of 121213 milliseconds.  Allowed clock skew: 0 milliseconds.
[2m2023-05-16 16:14:06.213[0;39m [32mDEBUG[0;39m [35m1845[0;39m [2m---[0;39m [2m[nio-9999-exec-2][0;39m [36mc.ssafy.vue.controller.MemberController [0;39m [2m:[0;39m 리프레쉬토큰도 사용불!!!!!!!
[2m2023-05-16 16:14:13.755[0;39m [32mDEBUG[0;39m [35m1845[0;39m [2m---[0;39m [2m[nio-9999-exec-4][0;39m [36mc.ssafy.vue.controller.MemberController [0;39m [2m:[0;39m 로그인 accessToken 정보 : eyJ0eXAiOiJKV1QiLCJyZWdEYXRlIjoxNjg0MjIxMjUzNzUzLCJhbGciOiJIUzI1NiJ9.eyJleHAiOjE2ODQyMjEyNjMsInN1YiI6ImFjY2Vzcy10b2tlbiIsInVzZXJpZCI6InNzYWZ5In0.PAdlceMeJUNsqviR_TS3MynESi-L9GymJVFcEYkPB70
[2m2023-05-16 16:14:13.755[0;39m [32mDEBUG[0;39m [35m1845[0;39m [2m---[0;39m [2m[nio-9999-exec-4][0;39m [36mc.ssafy.vue.controller.MemberController [0;39m [2m:[0;39m 로그인 refreshToken 정보 : eyJ0eXAiOiJKV1QiLCJyZWdEYXRlIjoxNjg0MjIxMjUzNzUzLCJhbGciOiJIUzI1NiJ9.eyJleHAiOjE2ODQyMjEyODMsInN1YiI6InJlZnJlc2gtdG9rZW4iLCJ1c2VyaWQiOiJzc2FmeSJ9.-INBYLxf75xGze5q2v2esj-K3B_jhuEEQyxCWoKF-Ng
[2m2023-05-16 16:14:13.760[0;39m [32m INFO[0;39m [35m1845[0;39m [2m---[0;39m [2m[nio-9999-exec-5][0;39m [36mc.ssafy.vue.controller.MemberController [0;39m [2m:[0;39m 사용 가능한 토큰!!!
[2m2023-05-16 16:14:17.066[0;39m [32m INFO[0;39m [35m1845[0;39m [2m---[0;39m [2m[nio-9999-exec-6][0;39m [36mc.ssafy.vue.controller.BoardController  [0;39m [2m:[0;39m listArticle - 호출
[2m2023-05-16 16:14:18.618[0;39m [32m INFO[0;39m [35m1845[0;39m [2m---[0;39m [2m[nio-9999-exec-7][0;39m [36mc.ssafy.vue.controller.MemberController [0;39m [2m:[0;39m 사용 가능한 토큰!!!
[2m2023-05-16 16:14:19.918[0;39m [32m INFO[0;39m [35m1845[0;39m [2m---[0;39m [2m[nio-9999-exec-8][0;39m [36mc.ssafy.vue.controller.MemberController [0;39m [2m:[0;39m 사용 가능한 토큰!!!
[2m2023-05-16 16:14:20.552[0;39m [32m INFO[0;39m [35m1845[0;39m [2m---[0;39m [2m[nio-9999-exec-9][0;39m [36mc.ssafy.vue.controller.MemberController [0;39m [2m:[0;39m 사용 가능한 토큰!!!
[2m2023-05-16 16:14:20.901[0;39m [32m INFO[0;39m [35m1845[0;39m [2m---[0;39m [2m[io-9999-exec-10][0;39m [36mc.ssafy.vue.controller.MemberController [0;39m [2m:[0;39m 사용 가능한 토큰!!!
[2m2023-05-16 16:14:21.201[0;39m [32m INFO[0;39m [35m1845[0;39m [2m---[0;39m [2m[nio-9999-exec-1][0;39m [36mc.ssafy.vue.controller.MemberController [0;39m [2m:[0;39m 사용 가능한 토큰!!!
[2m2023-05-16 16:14:22.286[0;39m [32m INFO[0;39m [35m1845[0;39m [2m---[0;39m [2m[nio-9999-exec-2][0;39m [36mc.ssafy.vue.controller.MemberController [0;39m [2m:[0;39m 사용 가능한 토큰!!!
[2m2023-05-16 16:14:23.035[0;39m [31mERROR[0;39m [35m1845[0;39m [2m---[0;39m [2m[nio-9999-exec-3][0;39m [36mc.s.vue.model.service.JwtServiceImpl    [0;39m [2m:[0;39m JWT expired at 2023-05-16T16:14:23Z. Current time: 2023-05-16T16:14:23Z, a difference of 35 milliseconds.  Allowed clock skew: 0 milliseconds.
[2m2023-05-16 16:14:23.036[0;39m [31mERROR[0;39m [35m1845[0;39m [2m---[0;39m [2m[nio-9999-exec-3][0;39m [36mc.ssafy.vue.controller.MemberController [0;39m [2m:[0;39m 사용 불가능 토큰!!!
[2m2023-05-16 16:14:23.040[0;39m [32mDEBUG[0;39m [35m1845[0;39m [2m---[0;39m [2m[nio-9999-exec-4][0;39m [36mc.ssafy.vue.controller.MemberController [0;39m [2m:[0;39m token : eyJ0eXAiOiJKV1QiLCJyZWdEYXRlIjoxNjg0MjIxMjUzNzUzLCJhbGciOiJIUzI1NiJ9.eyJleHAiOjE2ODQyMjEyODMsInN1YiI6InJlZnJlc2gtdG9rZW4iLCJ1c2VyaWQiOiJzc2FmeSJ9.-INBYLxf75xGze5q2v2esj-K3B_jhuEEQyxCWoKF-Ng, memberDto : com.ssafy.vue.model.MemberDto@268bf760
[2m2023-05-16 16:14:23.042[0;39m [32mDEBUG[0;39m [35m1845[0;39m [2m---[0;39m [2m[nio-9999-exec-4][0;39m [36mc.ssafy.vue.controller.MemberController [0;39m [2m:[0;39m token : eyJ0eXAiOiJKV1QiLCJyZWdEYXRlIjoxNjg0MjIxMjYzMDQyLCJhbGciOiJIUzI1NiJ9.eyJleHAiOjE2ODQyMjEyNzMsInN1YiI6ImFjY2Vzcy10b2tlbiIsInVzZXJpZCI6InNzYWZ5In0.SJImCS-qWAo7wS6N44pELDLpolhf1gwDX88aHuL1uuM
[2m2023-05-16 16:14:23.042[0;39m [32mDEBUG[0;39m [35m1845[0;39m [2m---[0;39m [2m[nio-9999-exec-4][0;39m [36mc.ssafy.vue.controller.MemberController [0;39m [2m:[0;39m 정상적으로 액세스토큰 재발급!!!
[2m2023-05-16 16:14:25.986[0;39m [32m INFO[0;39m [35m1845[0;39m [2m---[0;39m [2m[nio-9999-exec-5][0;39m [36mc.ssafy.vue.controller.MemberController [0;39m [2m:[0;39m 사용 가능한 토큰!!!
[2m2023-05-16 16:15:20.936[0;39m [32m INFO[0;39m [35m1845[0;39m [2m---[0;39m [2m[   File Watcher][0;39m [36mrtingClassPathChangeChangedEventListener[0;39m [2m:[0;39m Restarting due to 1 class path change (0 additions, 0 deletions, 1 modification)
[2m2023-05-16 16:15:20.943[0;39m [33m WARN[0;39m [35m1845[0;39m [2m---[0;39m [2m[      Thread-55][0;39m [36mo.a.c.loader.WebappClassLoaderBase      [0;39m [2m:[0;39m The web application [vue] appears to have started a thread named [HikariPool-3 housekeeper] but has failed to stop it. This is very likely to create a memory leak. Stack trace of thread:
 sun.misc.Unsafe.park(Native Method)
 java.util.concurrent.locks.LockSupport.parkNanos(LockSupport.java:215)
 java.util.concurrent.locks.AbstractQueuedSynchronizer$ConditionObject.awaitNanos(AbstractQueuedSynchronizer.java:2078)
 java.util.concurrent.ScheduledThreadPoolExecutor$DelayedWorkQueue.take(ScheduledThreadPoolExecutor.java:1093)
 java.util.concurrent.ScheduledThreadPoolExecutor$DelayedWorkQueue.take(ScheduledThreadPoolExecutor.java:809)
 java.util.concurrent.ThreadPoolExecutor.getTask(ThreadPoolExecutor.java:1074)
 java.util.concurrent.ThreadPoolExecutor.runWorker(ThreadPoolExecutor.java:1134)
 java.util.concurrent.ThreadPoolExecutor$Worker.run(ThreadPoolExecutor.java:624)
 java.lang.Thread.run(Thread.java:750)
[2m2023-05-16 16:15:21.210[0;39m [32m INFO[0;39m [35m1845[0;39m [2m---[0;39m [2m[  restartedMain][0;39m [36mo.s.b.w.embedded.tomcat.TomcatWebServer [0;39m [2m:[0;39m Tomcat initialized with port(s): 9999 (http)
[2m2023-05-16 16:15:21.215[0;39m [32m INFO[0;39m [35m1845[0;39m [2m---[0;39m [2m[  restartedMain][0;39m [36mw.s.c.ServletWebServerApplicationContext[0;39m [2m:[0;39m Root WebApplicationContext: initialization completed in 172 ms
[2m2023-05-16 16:15:21.301[0;39m [32m INFO[0;39m [35m1845[0;39m [2m---[0;39m [2m[  restartedMain][0;39m [36mo.s.b.d.a.OptionalLiveReloadServer      [0;39m [2m:[0;39m LiveReload server is running on port 35729
[2m2023-05-16 16:15:21.339[0;39m [32m INFO[0;39m [35m1845[0;39m [2m---[0;39m [2m[  restartedMain][0;39m [36mo.s.b.w.embedded.tomcat.TomcatWebServer [0;39m [2m:[0;39m Tomcat started on port(s): 9999 (http) with context path '/vue'
[2m2023-05-16 16:15:21.377[0;39m [32m INFO[0;39m [35m1845[0;39m [2m---[0;39m [2m[  restartedMain][0;39m [36m.ConditionEvaluationDeltaLoggingListener[0;39m [2m:[0;39m Condition evaluation unchanged
[2m2023-05-16 16:15:39.656[0;39m [32m INFO[0;39m [35m1845[0;39m [2m---[0;39m [2m[nio-9999-exec-1][0;39m [36mo.s.web.servlet.DispatcherServlet       [0;39m [2m:[0;39m Initializing Servlet 'dispatcherServlet'
[2m2023-05-16 16:15:39.659[0;39m [32m INFO[0;39m [35m1845[0;39m [2m---[0;39m [2m[nio-9999-exec-1][0;39m [36mo.s.web.servlet.DispatcherServlet       [0;39m [2m:[0;39m Completed initialization in 2 ms
[2m2023-05-16 16:15:39.663[0;39m [32m INFO[0;39m [35m1845[0;39m [2m---[0;39m [2m[nio-9999-exec-1][0;39m [36mc.ssafy.vue.controller.BoardController  [0;39m [2m:[0;39m listArticle - 호출
[2m2023-05-16 16:15:47.257[0;39m [32mDEBUG[0;39m [35m1845[0;39m [2m---[0;39m [2m[nio-9999-exec-2][0;39m [36mc.ssafy.vue.controller.MemberController [0;39m [2m:[0;39m 로그인 accessToken 정보 : eyJ0eXAiOiJKV1QiLCJhbGciOiJIUzI1NiJ9.eyJzdWIiOiJhY2Nlc3MtdG9rZW4iLCJpYXQiOjE2ODQyMjEzNDcsImV4cCI6MTY4NDIyMTM1NywidXNlcmlkIjoic3NhZnkifQ.9jIImiSqqwOPL3fqb97A0NkVZZCGrCf4LHIEEJgcA5g
[2m2023-05-16 16:15:47.257[0;39m [32mDEBUG[0;39m [35m1845[0;39m [2m---[0;39m [2m[nio-9999-exec-2][0;39m [36mc.ssafy.vue.controller.MemberController [0;39m [2m:[0;39m 로그인 refreshToken 정보 : eyJ0eXAiOiJKV1QiLCJhbGciOiJIUzI1NiJ9.eyJzdWIiOiJyZWZyZXNoLXRva2VuIiwiaWF0IjoxNjg0MjIxMzQ3LCJleHAiOjE2ODQyMjEzNzcsInVzZXJpZCI6InNzYWZ5In0.5u4ML_b4bNuc-EqL_OMCWajyK8CDz0ZkmxnnL3nDttg
[2m2023-05-16 16:15:47.263[0;39m [32m INFO[0;39m [35m1845[0;39m [2m---[0;39m [2m[nio-9999-exec-3][0;39m [36mc.ssafy.vue.controller.MemberController [0;39m [2m:[0;39m 사용 가능한 토큰!!!
[2m2023-05-16 16:15:50.046[0;39m [32m INFO[0;39m [35m1845[0;39m [2m---[0;39m [2m[nio-9999-exec-4][0;39m [36mc.ssafy.vue.controller.BoardController  [0;39m [2m:[0;39m listArticle - 호출
[2m2023-05-16 16:15:51.684[0;39m [32m INFO[0;39m [35m1845[0;39m [2m---[0;39m [2m[nio-9999-exec-5][0;39m [36mc.ssafy.vue.controller.MemberController [0;39m [2m:[0;39m 사용 가능한 토큰!!!
[2m2023-05-16 16:15:51.717[0;39m [32m INFO[0;39m [35m1845[0;39m [2m---[0;39m [2m[nio-9999-exec-6][0;39m [36mc.ssafy.vue.controller.BoardController  [0;39m [2m:[0;39m getArticle - 호출 : 4
[2m2023-05-16 16:15:54.446[0;39m [32m INFO[0;39m [35m1845[0;39m [2m---[0;39m [2m[nio-9999-exec-7][0;39m [36mc.ssafy.vue.controller.BoardController  [0;39m [2m:[0;39m listArticle - 호출
[2m2023-05-16 16:15:56.501[0;39m [32m INFO[0;39m [35m1845[0;39m [2m---[0;39m [2m[nio-9999-exec-8][0;39m [36mc.ssafy.vue.controller.MemberController [0;39m [2m:[0;39m 사용 가능한 토큰!!!
[2m2023-05-16 16:23:24.619[0;39m [32m INFO[0;39m [35m1845[0;39m [2m---[0;39m [2m[   File Watcher][0;39m [36mrtingClassPathChangeChangedEventListener[0;39m [2m:[0;39m Restarting due to 1 class path change (0 additions, 0 deletions, 1 modification)
[2m2023-05-16 16:23:24.626[0;39m [33m WARN[0;39m [35m1845[0;39m [2m---[0;39m [2m[      Thread-61][0;39m [36mo.a.c.loader.WebappClassLoaderBase      [0;39m [2m:[0;39m The web application [vue] appears to have started a thread named [HikariPool-4 housekeeper] but has failed to stop it. This is very likely to create a memory leak. Stack trace of thread:
 sun.misc.Unsafe.park(Native Method)
 java.util.concurrent.locks.LockSupport.parkNanos(LockSupport.java:215)
 java.util.concurrent.locks.AbstractQueuedSynchronizer$ConditionObject.awaitNanos(AbstractQueuedSynchronizer.java:2078)
 java.util.concurrent.ScheduledThreadPoolExecutor$DelayedWorkQueue.take(ScheduledThreadPoolExecutor.java:1093)
 java.util.concurrent.ScheduledThreadPoolExecutor$DelayedWorkQueue.take(ScheduledThreadPoolExecutor.java:809)
 java.util.concurrent.ThreadPoolExecutor.getTask(ThreadPoolExecutor.java:1074)
 java.util.concurrent.ThreadPoolExecutor.runWorker(ThreadPoolExecutor.java:1134)
 java.util.concurrent.ThreadPoolExecutor$Worker.run(ThreadPoolExecutor.java:624)
 java.lang.Thread.run(Thread.java:750)
[2m2023-05-16 16:23:24.889[0;39m [32m INFO[0;39m [35m1845[0;39m [2m---[0;39m [2m[  restartedMain][0;39m [36mo.s.b.w.embedded.tomcat.TomcatWebServer [0;39m [2m:[0;39m Tomcat initialized with port(s): 9999 (http)
[2m2023-05-16 16:23:24.893[0;39m [32m INFO[0;39m [35m1845[0;39m [2m---[0;39m [2m[  restartedMain][0;39m [36mw.s.c.ServletWebServerApplicationContext[0;39m [2m:[0;39m Root WebApplicationContext: initialization completed in 169 ms
[2m2023-05-16 16:23:24.980[0;39m [32m INFO[0;39m [35m1845[0;39m [2m---[0;39m [2m[  restartedMain][0;39m [36mo.s.b.d.a.OptionalLiveReloadServer      [0;39m [2m:[0;39m LiveReload server is running on port 35729
[2m2023-05-16 16:23:25.017[0;39m [32m INFO[0;39m [35m1845[0;39m [2m---[0;39m [2m[  restartedMain][0;39m [36mo.s.b.w.embedded.tomcat.TomcatWebServer [0;39m [2m:[0;39m Tomcat started on port(s): 9999 (http) with context path '/vue'
[2m2023-05-16 16:23:25.056[0;39m [32m INFO[0;39m [35m1845[0;39m [2m---[0;39m [2m[  restartedMain][0;39m [36m.ConditionEvaluationDeltaLoggingListener[0;39m [2m:[0;39m Condition evaluation unchanged
[2m2023-05-16 16:29:40.166[0;39m [32m INFO[0;39m [35m1845[0;39m [2m---[0;39m [2m[   File Watcher][0;39m [36mrtingClassPathChangeChangedEventListener[0;39m [2m:[0;39m Restarting due to 1 class path change (0 additions, 0 deletions, 1 modification)
[2m2023-05-16 16:29:40.845[0;39m [32m INFO[0;39m [35m1845[0;39m [2m---[0;39m [2m[  restartedMain][0;39m [36mo.s.b.w.embedded.tomcat.TomcatWebServer [0;39m [2m:[0;39m Tomcat initialized with port(s): 9999 (http)
[2m2023-05-16 16:29:40.849[0;39m [32m INFO[0;39m [35m1845[0;39m [2m---[0;39m [2m[  restartedMain][0;39m [36mw.s.c.ServletWebServerApplicationContext[0;39m [2m:[0;39m Root WebApplicationContext: initialization completed in 166 ms
[2m2023-05-16 16:29:40.931[0;39m [32m INFO[0;39m [35m1845[0;39m [2m---[0;39m [2m[  restartedMain][0;39m [36mo.s.b.d.a.OptionalLiveReloadServer      [0;39m [2m:[0;39m LiveReload server is running on port 35729
[2m2023-05-16 16:29:40.965[0;39m [32m INFO[0;39m [35m1845[0;39m [2m---[0;39m [2m[  restartedMain][0;39m [36mo.s.b.w.embedded.tomcat.TomcatWebServer [0;39m [2m:[0;39m Tomcat started on port(s): 9999 (http) with context path '/vue'
[2m2023-05-16 16:29:41.005[0;39m [32m INFO[0;39m [35m1845[0;39m [2m---[0;39m [2m[  restartedMain][0;39m [36m.ConditionEvaluationDeltaLoggingListener[0;39m [2m:[0;39m Condition evaluation unchanged
[2m2023-05-16 16:38:07.513[0;39m [32m INFO[0;39m [35m1845[0;39m [2m---[0;39m [2m[   File Watcher][0;39m [36mrtingClassPathChangeChangedEventListener[0;39m [2m:[0;39m Restarting due to 1 class path change (0 additions, 0 deletions, 1 modification)
[2m2023-05-16 16:38:07.776[0;39m [32m INFO[0;39m [35m1845[0;39m [2m---[0;39m [2m[  restartedMain][0;39m [36mo.s.b.w.embedded.tomcat.TomcatWebServer [0;39m [2m:[0;39m Tomcat initialized with port(s): 9999 (http)
[2m2023-05-16 16:38:07.780[0;39m [32m INFO[0;39m [35m1845[0;39m [2m---[0;39m [2m[  restartedMain][0;39m [36mw.s.c.ServletWebServerApplicationContext[0;39m [2m:[0;39m Root WebApplicationContext: initialization completed in 168 ms
[2m2023-05-16 16:38:07.867[0;39m [32m INFO[0;39m [35m1845[0;39m [2m---[0;39m [2m[  restartedMain][0;39m [36mo.s.b.d.a.OptionalLiveReloadServer      [0;39m [2m:[0;39m LiveReload server is running on port 35729
[2m2023-05-16 16:38:07.903[0;39m [32m INFO[0;39m [35m1845[0;39m [2m---[0;39m [2m[  restartedMain][0;39m [36mo.s.b.w.embedded.tomcat.TomcatWebServer [0;39m [2m:[0;39m Tomcat started on port(s): 9999 (http) with context path '/vue'
[2m2023-05-16 16:38:07.941[0;39m [32m INFO[0;39m [35m1845[0;39m [2m---[0;39m [2m[  restartedMain][0;39m [36m.ConditionEvaluationDeltaLoggingListener[0;39m [2m:[0;39m Condition evaluation unchanged
[2m2023-05-16 17:46:27.339[0;39m [32m INFO[0;39m [35m1845[0;39m [2m---[0;39m [2m[(291)-127.0.0.1][0;39m [36minMXBeanRegistrar$SpringApplicationAdmin[0;39m [2m:[0;39m Application shutdown requested.
[2m2023-05-16 20:51:48.608[0;39m [32m INFO[0;39m [35m2547[0;39m [2m---[0;39m [2m[  restartedMain][0;39m [36m.e.DevToolsPropertyDefaultsPostProcessor[0;39m [2m:[0;39m Devtools property defaults active! Set 'spring.devtools.add-properties' to 'false' to disable
[2m2023-05-16 20:51:48.610[0;39m [32m INFO[0;39m [35m2547[0;39m [2m---[0;39m [2m[  restartedMain][0;39m [36m.e.DevToolsPropertyDefaultsPostProcessor[0;39m [2m:[0;39m For additional web related logging consider setting the 'logging.level.web' property to 'DEBUG'
[2m2023-05-16 20:51:49.965[0;39m [32m INFO[0;39m [35m2547[0;39m [2m---[0;39m [2m[  restartedMain][0;39m [36mo.s.b.w.embedded.tomcat.TomcatWebServer [0;39m [2m:[0;39m Tomcat initialized with port(s): 9999 (http)
[2m2023-05-16 20:51:50.025[0;39m [32m INFO[0;39m [35m2547[0;39m [2m---[0;39m [2m[  restartedMain][0;39m [36mw.s.c.ServletWebServerApplicationContext[0;39m [2m:[0;39m Root WebApplicationContext: initialization completed in 1415 ms
[2m2023-05-16 20:51:50.607[0;39m [32m INFO[0;39m [35m2547[0;39m [2m---[0;39m [2m[  restartedMain][0;39m [36mo.s.b.d.a.OptionalLiveReloadServer      [0;39m [2m:[0;39m LiveReload server is running on port 35729
[2m2023-05-16 20:51:50.759[0;39m [32m INFO[0;39m [35m2547[0;39m [2m---[0;39m [2m[  restartedMain][0;39m [36mo.s.b.w.embedded.tomcat.TomcatWebServer [0;39m [2m:[0;39m Tomcat started on port(s): 9999 (http) with context path '/vue'
