[2m2023-05-12 09:10:23.931[0;39m [32m INFO[0;39m [35m16292[0;39m [2m---[0;39m [2m[  restartedMain][0;39m [36m.e.DevToolsPropertyDefaultsPostProcessor[0;39m [2m:[0;39m Devtools property defaults active! Set 'spring.devtools.add-properties' to 'false' to disable
[2m2023-05-12 09:10:23.933[0;39m [32m INFO[0;39m [35m16292[0;39m [2m---[0;39m [2m[  restartedMain][0;39m [36m.e.DevToolsPropertyDefaultsPostProcessor[0;39m [2m:[0;39m For additional web related logging consider setting the 'logging.level.web' property to 'DEBUG'
[2m2023-05-12 09:10:24.713[0;39m [32m INFO[0;39m [35m16292[0;39m [2m---[0;39m [2m[  restartedMain][0;39m [36mo.s.b.w.embedded.tomcat.TomcatWebServer [0;39m [2m:[0;39m Tomcat initialized with port(s): 9999 (http)
[2m2023-05-12 09:10:24.762[0;39m [32m INFO[0;39m [35m16292[0;39m [2m---[0;39m [2m[  restartedMain][0;39m [36mw.s.c.ServletWebServerApplicationContext[0;39m [2m:[0;39m Root WebApplicationContext: initialization completed in 828 ms
[2m2023-05-12 09:10:25.223[0;39m [32m INFO[0;39m [35m16292[0;39m [2m---[0;39m [2m[  restartedMain][0;39m [36mo.s.b.d.a.OptionalLiveReloadServer      [0;39m [2m:[0;39m LiveReload server is running on port 35729
[2m2023-05-12 09:10:25.372[0;39m [32m INFO[0;39m [35m16292[0;39m [2m---[0;39m [2m[  restartedMain][0;39m [36mo.s.b.w.embedded.tomcat.TomcatWebServer [0;39m [2m:[0;39m Tomcat started on port(s): 9999 (http) with context path '/vue'
[2m2023-05-12 09:11:00.516[0;39m [32m INFO[0;39m [35m16292[0;39m [2m---[0;39m [2m[nio-9999-exec-1][0;39m [36mo.s.web.servlet.DispatcherServlet       [0;39m [2m:[0;39m Initializing Servlet 'dispatcherServlet'
[2m2023-05-12 09:11:00.517[0;39m [32m INFO[0;39m [35m16292[0;39m [2m---[0;39m [2m[nio-9999-exec-1][0;39m [36mo.s.web.servlet.DispatcherServlet       [0;39m [2m:[0;39m Completed initialization in 1 ms
[2m2023-05-12 09:11:00.527[0;39m [33m WARN[0;39m [35m16292[0;39m [2m---[0;39m [2m[nio-9999-exec-1][0;39m [36mo.s.web.servlet.PageNotFound            [0;39m [2m:[0;39m No mapping for GET /vue/swagger-ui
[2m2023-05-12 09:46:05.779[0;39m [32m INFO[0;39m [35m16292[0;39m [2m---[0;39m [2m[nio-9999-exec-3][0;39m [36mc.ssafy.vue.controller.BoardController  [0;39m [2m:[0;39m listArticle - 호출
[2m2023-05-12 09:46:20.796[0;39m [32m INFO[0;39m [35m16292[0;39m [2m---[0;39m [2m[nio-9999-exec-1][0;39m [36mc.ssafy.vue.controller.BoardController  [0;39m [2m:[0;39m listArticle - 호출
[2m2023-05-12 09:47:12.438[0;39m [32m INFO[0;39m [35m16292[0;39m [2m---[0;39m [2m[nio-9999-exec-2][0;39m [36mc.ssafy.vue.controller.BoardController  [0;39m [2m:[0;39m listArticle - 호출
[2m2023-05-12 09:50:23.448[0;39m [32m INFO[0;39m [35m16292[0;39m [2m---[0;39m [2m[nio-9999-exec-6][0;39m [36mc.ssafy.vue.controller.BoardController  [0;39m [2m:[0;39m listArticle - 호출
[2m2023-05-12 10:05:28.755[0;39m [32m INFO[0;39m [35m16292[0;39m [2m---[0;39m [2m[nio-9999-exec-7][0;39m [36mc.ssafy.vue.controller.BoardController  [0;39m [2m:[0;39m listArticle - 호출
[2m2023-05-12 10:05:38.415[0;39m [32m INFO[0;39m [35m16292[0;39m [2m---[0;39m [2m[nio-9999-exec-9][0;39m [36mc.ssafy.vue.controller.BoardController  [0;39m [2m:[0;39m listArticle - 호출
[2m2023-05-12 10:05:41.318[0;39m [33m WARN[0;39m [35m16292[0;39m [2m---[0;39m [2m[nio-9999-exec-5][0;39m [36m.w.s.m.s.DefaultHandlerExceptionResolver[0;39m [2m:[0;39m Resolved [org.springframework.web.method.annotation.MethodArgumentTypeMismatchException: Failed to convert value of type 'java.lang.String' to required type 'int'; nested exception is java.lang.NumberFormatException: For input string: "undefined"]
[2m2023-05-12 10:05:43.677[0;39m [32m INFO[0;39m [35m16292[0;39m [2m---[0;39m [2m[nio-9999-exec-8][0;39m [36mc.ssafy.vue.controller.BoardController  [0;39m [2m:[0;39m listArticle - 호출
[2m2023-05-12 10:06:16.610[0;39m [32m INFO[0;39m [35m16292[0;39m [2m---[0;39m [2m[nio-9999-exec-3][0;39m [36mc.ssafy.vue.controller.BoardController  [0;39m [2m:[0;39m getArticle - 호출 : 4
[2m2023-05-12 10:06:21.041[0;39m [32m INFO[0;39m [35m16292[0;39m [2m---[0;39m [2m[nio-9999-exec-1][0;39m [36mc.ssafy.vue.controller.BoardController  [0;39m [2m:[0;39m listArticle - 호출
[2m2023-05-12 10:06:22.030[0;39m [32m INFO[0;39m [35m16292[0;39m [2m---[0;39m [2m[nio-9999-exec-2][0;39m [36mc.ssafy.vue.controller.BoardController  [0;39m [2m:[0;39m getArticle - 호출 : 4
[2m2023-05-12 10:06:24.285[0;39m [32m INFO[0;39m [35m16292[0;39m [2m---[0;39m [2m[io-9999-exec-10][0;39m [36mc.ssafy.vue.controller.BoardController  [0;39m [2m:[0;39m listArticle - 호출
[2m2023-05-12 10:11:06.795[0;39m [32m INFO[0;39m [35m16292[0;39m [2m---[0;39m [2m[nio-9999-exec-4][0;39m [36mc.ssafy.vue.controller.BoardController  [0;39m [2m:[0;39m getArticle - 호출 : 4
[2m2023-05-12 10:11:08.598[0;39m [33m WARN[0;39m [35m16292[0;39m [2m---[0;39m [2m[nio-9999-exec-7][0;39m [36m.w.s.m.s.DefaultHandlerExceptionResolver[0;39m [2m:[0;39m Resolved [org.springframework.web.method.annotation.MethodArgumentTypeMismatchException: Failed to convert value of type 'java.lang.String' to required type 'int'; nested exception is java.lang.NumberFormatException: For input string: "undefined"]
[2m2023-05-12 10:11:15.856[0;39m [32m INFO[0;39m [35m16292[0;39m [2m---[0;39m [2m[nio-9999-exec-9][0;39m [36mc.ssafy.vue.controller.BoardController  [0;39m [2m:[0;39m getArticle - 호출 : 4
[2m2023-05-12 10:11:16.794[0;39m [32m INFO[0;39m [35m16292[0;39m [2m---[0;39m [2m[nio-9999-exec-5][0;39m [36mc.ssafy.vue.controller.BoardController  [0;39m [2m:[0;39m listArticle - 호출
[2m2023-05-12 10:11:24.301[0;39m [32m INFO[0;39m [35m16292[0;39m [2m---[0;39m [2m[nio-9999-exec-8][0;39m [36mc.ssafy.vue.controller.BoardController  [0;39m [2m:[0;39m listArticle - 호출
[2m2023-05-12 10:15:52.013[0;39m [32m INFO[0;39m [35m16292[0;39m [2m---[0;39m [2m[nio-9999-exec-2][0;39m [36mc.ssafy.vue.controller.BoardController  [0;39m [2m:[0;39m modifyArticle - 호출 BoardDto [articleno=0, userid=null, subject=null, content=null, hit=0, regtime=null]
[2m2023-05-12 10:16:03.210[0;39m [32m INFO[0;39m [35m16292[0;39m [2m---[0;39m [2m[io-9999-exec-10][0;39m [36mc.ssafy.vue.controller.BoardController  [0;39m [2m:[0;39m listArticle - 호출
[2m2023-05-12 10:20:20.457[0;39m [32m INFO[0;39m [35m16292[0;39m [2m---[0;39m [2m[nio-9999-exec-4][0;39m [36mc.ssafy.vue.controller.BoardController  [0;39m [2m:[0;39m listArticle - 호출
[2m2023-05-12 10:20:20.464[0;39m [32m INFO[0;39m [35m16292[0;39m [2m---[0;39m [2m[nio-9999-exec-7][0;39m [36mc.ssafy.vue.controller.BoardController  [0;39m [2m:[0;39m listArticle - 호출
[2m2023-05-12 10:53:28.084[0;39m [32m INFO[0;39m [35m16292[0;39m [2m---[0;39m [2m[nio-9999-exec-5][0;39m [36mc.ssafy.vue.controller.BoardController  [0;39m [2m:[0;39m listArticle - 호출
[2m2023-05-12 10:53:30.092[0;39m [32m INFO[0;39m [35m16292[0;39m [2m---[0;39m [2m[nio-9999-exec-8][0;39m [36mc.ssafy.vue.controller.BoardController  [0;39m [2m:[0;39m listArticle - 호출
[2m2023-05-12 10:53:50.317[0;39m [32m INFO[0;39m [35m16292[0;39m [2m---[0;39m [2m[nio-9999-exec-3][0;39m [36mc.ssafy.vue.controller.BoardController  [0;39m [2m:[0;39m listArticle - 호출
[2m2023-05-12 11:36:33.311[0;39m [32m INFO[0;39m [35m16292[0;39m [2m---[0;39m [2m[on(2)-127.0.0.1][0;39m [36minMXBeanRegistrar$SpringApplicationAdmin[0;39m [2m:[0;39m Application shutdown requested.
[2m2023-05-12 11:36:33.365[0;39m [33m WARN[0;39m [35m16292[0;39m [2m---[0;39m [2m[on(2)-127.0.0.1][0;39m [36mo.a.c.loader.WebappClassLoaderBase      [0;39m [2m:[0;39m The web application [vue] appears to have started a thread named [HikariPool-1 housekeeper] but has failed to stop it. This is very likely to create a memory leak. Stack trace of thread:
 sun.misc.Unsafe.park(Native Method)
 java.util.concurrent.locks.LockSupport.parkNanos(LockSupport.java:215)
 java.util.concurrent.locks.AbstractQueuedSynchronizer$ConditionObject.awaitNanos(AbstractQueuedSynchronizer.java:2078)
 java.util.concurrent.ScheduledThreadPoolExecutor$DelayedWorkQueue.take(ScheduledThreadPoolExecutor.java:1093)
 java.util.concurrent.ScheduledThreadPoolExecutor$DelayedWorkQueue.take(ScheduledThreadPoolExecutor.java:809)
 java.util.concurrent.ThreadPoolExecutor.getTask(ThreadPoolExecutor.java:1074)
 java.util.concurrent.ThreadPoolExecutor.runWorker(ThreadPoolExecutor.java:1134)
 java.util.concurrent.ThreadPoolExecutor$Worker.run(ThreadPoolExecutor.java:624)
 java.lang.Thread.run(Thread.java:748)
